

Microchip MPLAB XC8 Assembler V2.31 build 20201012212115 
                                                                                               Tue Feb 16 21:49:37 2021

Microchip MPLAB XC8 C Compiler v2.31 (Free license) build 20201012212115 Og1 
     1                           	processor	18F27Q43
     2                           	fnconf	rparam,??,?,0
     3                           	pagewidth 120
     4                           	opt	flic
     5                           	psect	cinit,global,reloc=2,class=CODE,delta=1
     6                           	psect	bssCOMRAM,global,class=COMRAM,space=1,delta=1,lowdata,noexec
     7                           	psect	cstackCOMRAM,global,class=COMRAM,space=1,delta=1,lowdata,noexec
     8                           	psect	text0,global,reloc=2,class=CODE,delta=1
     9                           	psect	text1,global,reloc=2,class=CODE,delta=1
    10                           	psect	text2,global,reloc=2,class=CODE,delta=1
    11                           	psect	text3,global,reloc=2,class=CODE,delta=1
    12                           	psect	text4,global,reloc=2,class=CODE,delta=1
    13                           	psect	text5,global,reloc=2,class=CODE,delta=1
    14                           	psect	text6,global,reloc=2,class=CODE,delta=1
    15                           	psect	intsave_regs,global,class=BIGRAM,space=1,delta=1,noexec
    16                           	psect	rparam,global,class=COMRAM,space=1,delta=1,noexec
    17                           	psect	idloc,global,abs,ovrld,class=IDLOC,space=5,delta=1,noexec
    18                           	psect	config,global,abs,ovrld,class=CONFIG,space=4,delta=1,noexec
    19  0000                     
    20                           ; Version 2.30
    21                           ; Generated 20/08/2020 GMT
    22                           ; 
    23                           ; Copyright © 2020, Microchip Technology Inc. and its subsidiaries ("Microchip")
    24                           ; All rights reserved.
    25                           ; 
    26                           ; This software is developed by Microchip Technology Inc. and its subsidiaries ("Microch
      +                          ip").
    27                           ; 
    28                           ; Redistribution and use in source and binary forms, with or without modification, are
    29                           ; permitted provided that the following conditions are met:
    30                           ; 
    31                           ;     1. Redistributions of source code must retain the above copyright notice, this lis
      +                          t of
    32                           ;        conditions and the following disclaimer.
    33                           ; 
    34                           ;     2. Redistributions in binary form must reproduce the above copyright notice, this 
      +                          list
    35                           ;        of conditions and the following disclaimer in the documentation and/or other
    36                           ;        materials provided with the distribution. Publication is not required when
    37                           ;        this file is used in an embedded application.
    38                           ; 
    39                           ;     3. Microchip's name may not be used to endorse or promote products derived from th
      +                          is
    40                           ;        software without specific prior written permission.
    41                           ; 
    42                           ; THIS SOFTWARE IS PROVIDED BY MICROCHIP "AS IS" AND ANY EXPRESS OR IMPLIED WARRANTIES,
    43                           ; INCLUDING, BUT NOT LIMITED TO, THE IMPLIED WARRANTIES OF MERCHANTABILITY AND FITNESS F
      +                          OR
    44                           ; PURPOSE ARE DISCLAIMED.  IN NO EVENT SHALL MICROCHIP BE LIABLE FOR ANY DIRECT, INDIREC
      +                          T,
    45                           ; INCIDENTAL, SPECIAL, EXEMPLARY, OR CONSEQUENTIAL DAMAGES (INCLUDING BUT NOT LIMITED TO
    46                           ; PROCUREMENT OF SUBSTITUTE GOODS OR SERVICES; LOSS OF USE, DATA OR PROFITS; OR BUSINESS
    47                           ; INTERRUPTION) HOWSOEVER CAUSED AND ON ANY THEORY OF LIABILITY, WHETHER IN CONTRACT, ST
      +                          RICT
    48                           ; LIABILITY, OR TORT (INCLUDING NEGLIGENCE OR OTHERWISE) ARISING IN ANY WAY OUT OF THE U
      +                          SE OF
    49                           ; THIS SOFTWARE, EVEN IF ADVISED OF THE POSSIBILITY OF SUCH DAMAGE.
    50                           ; 
    51                           ; 
    52                           ; Code-generator required, PIC18F27Q43 Definitions
    53                           ; 
    54                           ; SFR Addresses
    55  0000                     _ANSELB	set	1032
    56  0000                     _ANSELA	set	1024
    57  0000                     _TRISB	set	1223
    58  0000                     _PORTB	set	1231
    59  0000                     _TRISA	set	1222
    60  0000                     _LATA	set	1214
    61  0000                     _RB5	set	9853
    62                           
    63                           ; #config settings
    64                           
    65                           	psect	cinit
    66  01FF70                     __pcinit:
    67                           	callstack 0
    68  01FF70                     start_initialization:
    69                           	callstack 0
    70  01FF70                     __initialization:
    71                           	callstack 0
    72                           
    73                           ; Clear objects allocated to COMRAM (13 bytes)
    74  01FF70  EE01  F101         	lfsr	0,__pbssCOMRAM
    75  01FF74  0E0D               	movlw	13
    76  01FF76                     clear_0:
    77  01FF76  6AEE               	clrf	postinc0,c
    78  01FF78  06E8               	decf	wreg,f,c
    79  01FF7A  E1FD               	bnz	clear_0
    80  01FF7C                     end_of_initialization:
    81                           	callstack 0
    82  01FF7C                     __end_of__initialization:
    83                           	callstack 0
    84  01FF7C  0100               	movlb	0
    85  01FF7E  EFED  F0FF         	goto	_main	;jump to C main() function
    86                           
    87                           	psect	bssCOMRAM
    88  000501                     __pbssCOMRAM:
    89                           	callstack 0
    90  000501                     _G_u32SystemFlags:
    91                           	callstack 0
    92  000501                     	ds	4
    93  000505                     _G_u32SystemTime1s:
    94                           	callstack 0
    95  000505                     	ds	4
    96  000509                     _G_u32SystemTime1ms:
    97                           	callstack 0
    98  000509                     	ds	4
    99  00050D                     _G_u8UserAppFlags:
   100                           	callstack 0
   101  00050D                     	ds	1
   102                           
   103                           	psect	cstackCOMRAM
   104  000000                     __pcstackCOMRAM:
   105                           	callstack 0
   106  000000                     
   107                           ; 1 bytes @ 0x0
   108 ;;
   109 ;;Main: autosize = 0, tempsize = 0, incstack = 0, save=0
   110 ;;
   111 ;; *************** function _main *****************
   112 ;; Defined at:
   113 ;;		line 35 in file "main.c"
   114 ;; Parameters:    Size  Location     Type
   115 ;;		None
   116 ;; Auto vars:     Size  Location     Type
   117 ;;		None
   118 ;; Return value:  Size  Location     Type
   119 ;;                  1    wreg      void 
   120 ;; Registers used:
   121 ;;		wreg, status,2, status,0, cstack
   122 ;; Tracked objects:
   123 ;;		On entry : 0/0
   124 ;;		On exit  : 0/0
   125 ;;		Unchanged: 0/0
   126 ;; Data sizes:     COMRAM   BANK5   BANK6   BANK7   BANK8   BANK9  BANK10  BANK11  BANK12  BANK13  BANK14  BANK15  BANK1
      +6  BANK17  BANK18  BANK19  BANK20  BANK21  BANK22  BANK23  BANK24  BANK25  BANK26  BANK27  BANK28  BANK29  BANK30  BANK3
      +1  BANK32  BANK33  BANK34  BANK35  BANK36  BANK37
   127 ;;      Params:         0       0       0       0       0       0       0       0       0       0       0       0       
      +0       0       0       0       0       0       0       0       0       0       0       0       0       0       0       
      +0       0       0       0       0       0       0
   128 ;;      Locals:         0       0       0       0       0       0       0       0       0       0       0       0       
      +0       0       0       0       0       0       0       0       0       0       0       0       0       0       0       
      +0       0       0       0       0       0       0
   129 ;;      Temps:          0       0       0       0       0       0       0       0       0       0       0       0       
      +0       0       0       0       0       0       0       0       0       0       0       0       0       0       0       
      +0       0       0       0       0       0       0
   130 ;;      Totals:         0       0       0       0       0       0       0       0       0       0       0       0       
      +0       0       0       0       0       0       0       0       0       0       0       0       0       0       0       
      +0       0       0       0       0       0       0
   131 ;;Total ram usage:        0 bytes
   132 ;; Hardware stack levels required when called:    1
   133 ;; This function calls:
   134 ;;		_ClockSetup
   135 ;;		_GpioSetup
   136 ;;		_SysTickSetup
   137 ;;		_SystemSleep
   138 ;;		_UserAppInitialize
   139 ;;		_UserAppRun
   140 ;; This function is called by:
   141 ;;		Startup code after reset
   142 ;; This function uses a non-reentrant model
   143 ;;
   144                           
   145                           	psect	text0
   146  01FFDA                     __ptext0:
   147                           	callstack 0
   148  01FFDA                     _main:
   149                           	callstack 127
   150  01FFDA                     
   151                           ;main.c: 37:   G_u32SystemFlags |= (u32)0x80000000;
   152  01FFDA  8E04               	bsf	(_G_u32SystemFlags+3)^(0+1280),7,c	;volatile
   153  01FFDC                     
   154                           ;main.c: 40:   ClockSetup();
   155  01FFDC  ECB5  F0FF         	call	_ClockSetup	;wreg free
   156  01FFE0                     
   157                           ;main.c: 41:   SysTickSetup();
   158  01FFE0  ECDC  F0FF         	call	_SysTickSetup	;wreg free
   159  01FFE4                     
   160                           ;main.c: 42:   GpioSetup();
   161  01FFE4  ECCC  F0FF         	call	_GpioSetup	;wreg free
   162  01FFE8                     
   163                           ;main.c: 47:   UserAppInitialize();
   164  01FFE8  ECB7  F0FF         	call	_UserAppInitialize	;wreg free
   165  01FFEC                     l779:
   166                           
   167                           ;main.c: 53:   {;main.c: 57:     UserAppRun();
   168  01FFEC  ECC1  F0FF         	call	_UserAppRun	;wreg free
   169  01FFF0                     
   170                           ;main.c: 62:     SystemSleep();
   171  01FFF0  ECB6  F0FF         	call	_SystemSleep	;wreg free
   172  01FFF4  EFF6  F0FF         	goto	l779
   173  01FFF8  EFFE  F0FF         	goto	start
   174  01FFFC                     __end_of_main:
   175                           	callstack 0
   176                           
   177 ;; *************** function _UserAppRun *****************
   178 ;; Defined at:
   179 ;;		line 95 in file "user_app.c"
   180 ;; Parameters:    Size  Location     Type
   181 ;;		None
   182 ;; Auto vars:     Size  Location     Type
   183 ;;		None
   184 ;; Return value:  Size  Location     Type
   185 ;;                  1    wreg      void 
   186 ;; Registers used:
   187 ;;		wreg, status,2, status,0
   188 ;; Tracked objects:
   189 ;;		On entry : 0/0
   190 ;;		On exit  : 0/0
   191 ;;		Unchanged: 0/0
   192 ;; Data sizes:     COMRAM   BANK5   BANK6   BANK7   BANK8   BANK9  BANK10  BANK11  BANK12  BANK13  BANK14  BANK15  BANK1
      +6  BANK17  BANK18  BANK19  BANK20  BANK21  BANK22  BANK23  BANK24  BANK25  BANK26  BANK27  BANK28  BANK29  BANK30  BANK3
      +1  BANK32  BANK33  BANK34  BANK35  BANK36  BANK37
   193 ;;      Params:         0       0       0       0       0       0       0       0       0       0       0       0       
      +0       0       0       0       0       0       0       0       0       0       0       0       0       0       0       
      +0       0       0       0       0       0       0
   194 ;;      Locals:         0       0       0       0       0       0       0       0       0       0       0       0       
      +0       0       0       0       0       0       0       0       0       0       0       0       0       0       0       
      +0       0       0       0       0       0       0
   195 ;;      Temps:          0       0       0       0       0       0       0       0       0       0       0       0       
      +0       0       0       0       0       0       0       0       0       0       0       0       0       0       0       
      +0       0       0       0       0       0       0
   196 ;;      Totals:         0       0       0       0       0       0       0       0       0       0       0       0       
      +0       0       0       0       0       0       0       0       0       0       0       0       0       0       0       
      +0       0       0       0       0       0       0
   197 ;;Total ram usage:        0 bytes
   198 ;; Hardware stack levels used:    1
   199 ;; This function calls:
   200 ;;		Nothing
   201 ;; This function is called by:
   202 ;;		_main
   203 ;; This function uses a non-reentrant model
   204 ;;
   205                           
   206                           	psect	text1
   207  01FF82                     __ptext1:
   208                           	callstack 0
   209  01FF82                     _UserAppRun:
   210                           	callstack 127
   211  01FF82                     
   212                           ;user_app.c: 99:     LATA = 0x80;
   213  01FF82  0E80               	movlw	128
   214  01FF84  6EBE               	movwf	190,c	;volatile
   215  01FF86                     
   216                           ;user_app.c: 106:     if(RB5 ==1)
   217  01FF86  AACF               	btfss	1231,5,c	;volatile
   218  01FF88  EFC8  F0FF         	goto	u11
   219  01FF8C  EFCA  F0FF         	goto	u10
   220  01FF90                     u11:
   221  01FF90  EFCB  F0FF         	goto	l67
   222  01FF94                     u10:
   223  01FF94                     
   224                           ;user_app.c: 107:     {;user_app.c: 108:         LATA++;
   225  01FF94  2ABE               	incf	190,f,c	;volatile
   226  01FF96                     l67:
   227  01FF96  0012               	return		;funcret
   228  01FF98                     __end_of_UserAppRun:
   229                           	callstack 0
   230                           
   231 ;; *************** function _UserAppInitialize *****************
   232 ;; Defined at:
   233 ;;		line 77 in file "user_app.c"
   234 ;; Parameters:    Size  Location     Type
   235 ;;		None
   236 ;; Auto vars:     Size  Location     Type
   237 ;;		None
   238 ;; Return value:  Size  Location     Type
   239 ;;                  1    wreg      void 
   240 ;; Registers used:
   241 ;;		None
   242 ;; Tracked objects:
   243 ;;		On entry : 0/0
   244 ;;		On exit  : 0/0
   245 ;;		Unchanged: 0/0
   246 ;; Data sizes:     COMRAM   BANK5   BANK6   BANK7   BANK8   BANK9  BANK10  BANK11  BANK12  BANK13  BANK14  BANK15  BANK1
      +6  BANK17  BANK18  BANK19  BANK20  BANK21  BANK22  BANK23  BANK24  BANK25  BANK26  BANK27  BANK28  BANK29  BANK30  BANK3
      +1  BANK32  BANK33  BANK34  BANK35  BANK36  BANK37
   247 ;;      Params:         0       0       0       0       0       0       0       0       0       0       0       0       
      +0       0       0       0       0       0       0       0       0       0       0       0       0       0       0       
      +0       0       0       0       0       0       0
   248 ;;      Locals:         0       0       0       0       0       0       0       0       0       0       0       0       
      +0       0       0       0       0       0       0       0       0       0       0       0       0       0       0       
      +0       0       0       0       0       0       0
   249 ;;      Temps:          0       0       0       0       0       0       0       0       0       0       0       0       
      +0       0       0       0       0       0       0       0       0       0       0       0       0       0       0       
      +0       0       0       0       0       0       0
   250 ;;      Totals:         0       0       0       0       0       0       0       0       0       0       0       0       
      +0       0       0       0       0       0       0       0       0       0       0       0       0       0       0       
      +0       0       0       0       0       0       0
   251 ;;Total ram usage:        0 bytes
   252 ;; Hardware stack levels used:    1
   253 ;; This function calls:
   254 ;;		Nothing
   255 ;; This function is called by:
   256 ;;		_main
   257 ;; This function uses a non-reentrant model
   258 ;;
   259                           
   260                           	psect	text2
   261  01FF6E                     __ptext2:
   262                           	callstack 0
   263  01FF6E                     _UserAppInitialize:
   264                           	callstack 127
   265  01FF6E  0012               	return		;funcret
   266  01FF70                     __end_of_UserAppInitialize:
   267                           	callstack 0
   268                           
   269 ;; *************** function _SystemSleep *****************
   270 ;; Defined at:
   271 ;;		line 135 in file "encm369_pic18.c"
   272 ;; Parameters:    Size  Location     Type
   273 ;;		None
   274 ;; Auto vars:     Size  Location     Type
   275 ;;		None
   276 ;; Return value:  Size  Location     Type
   277 ;;                  1    wreg      void 
   278 ;; Registers used:
   279 ;;		None
   280 ;; Tracked objects:
   281 ;;		On entry : 0/0
   282 ;;		On exit  : 0/0
   283 ;;		Unchanged: 0/0
   284 ;; Data sizes:     COMRAM   BANK5   BANK6   BANK7   BANK8   BANK9  BANK10  BANK11  BANK12  BANK13  BANK14  BANK15  BANK1
      +6  BANK17  BANK18  BANK19  BANK20  BANK21  BANK22  BANK23  BANK24  BANK25  BANK26  BANK27  BANK28  BANK29  BANK30  BANK3
      +1  BANK32  BANK33  BANK34  BANK35  BANK36  BANK37
   285 ;;      Params:         0       0       0       0       0       0       0       0       0       0       0       0       
      +0       0       0       0       0       0       0       0       0       0       0       0       0       0       0       
      +0       0       0       0       0       0       0
   286 ;;      Locals:         0       0       0       0       0       0       0       0       0       0       0       0       
      +0       0       0       0       0       0       0       0       0       0       0       0       0       0       0       
      +0       0       0       0       0       0       0
   287 ;;      Temps:          0       0       0       0       0       0       0       0       0       0       0       0       
      +0       0       0       0       0       0       0       0       0       0       0       0       0       0       0       
      +0       0       0       0       0       0       0
   288 ;;      Totals:         0       0       0       0       0       0       0       0       0       0       0       0       
      +0       0       0       0       0       0       0       0       0       0       0       0       0       0       0       
      +0       0       0       0       0       0       0
   289 ;;Total ram usage:        0 bytes
   290 ;; Hardware stack levels used:    1
   291 ;; This function calls:
   292 ;;		Nothing
   293 ;; This function is called by:
   294 ;;		_main
   295 ;; This function uses a non-reentrant model
   296 ;;
   297                           
   298                           	psect	text3
   299  01FF6C                     __ptext3:
   300                           	callstack 0
   301  01FF6C                     _SystemSleep:
   302                           	callstack 127
   303  01FF6C  0012               	return		;funcret
   304  01FF6E                     __end_of_SystemSleep:
   305                           	callstack 0
   306                           
   307 ;; *************** function _SysTickSetup *****************
   308 ;; Defined at:
   309 ;;		line 113 in file "encm369_pic18.c"
   310 ;; Parameters:    Size  Location     Type
   311 ;;		None
   312 ;; Auto vars:     Size  Location     Type
   313 ;;		None
   314 ;; Return value:  Size  Location     Type
   315 ;;                  1    wreg      void 
   316 ;; Registers used:
   317 ;;		wreg, status,2
   318 ;; Tracked objects:
   319 ;;		On entry : 0/0
   320 ;;		On exit  : 0/0
   321 ;;		Unchanged: 0/0
   322 ;; Data sizes:     COMRAM   BANK5   BANK6   BANK7   BANK8   BANK9  BANK10  BANK11  BANK12  BANK13  BANK14  BANK15  BANK1
      +6  BANK17  BANK18  BANK19  BANK20  BANK21  BANK22  BANK23  BANK24  BANK25  BANK26  BANK27  BANK28  BANK29  BANK30  BANK3
      +1  BANK32  BANK33  BANK34  BANK35  BANK36  BANK37
   323 ;;      Params:         0       0       0       0       0       0       0       0       0       0       0       0       
      +0       0       0       0       0       0       0       0       0       0       0       0       0       0       0       
      +0       0       0       0       0       0       0
   324 ;;      Locals:         0       0       0       0       0       0       0       0       0       0       0       0       
      +0       0       0       0       0       0       0       0       0       0       0       0       0       0       0       
      +0       0       0       0       0       0       0
   325 ;;      Temps:          0       0       0       0       0       0       0       0       0       0       0       0       
      +0       0       0       0       0       0       0       0       0       0       0       0       0       0       0       
      +0       0       0       0       0       0       0
   326 ;;      Totals:         0       0       0       0       0       0       0       0       0       0       0       0       
      +0       0       0       0       0       0       0       0       0       0       0       0       0       0       0       
      +0       0       0       0       0       0       0
   327 ;;Total ram usage:        0 bytes
   328 ;; Hardware stack levels used:    1
   329 ;; This function calls:
   330 ;;		Nothing
   331 ;; This function is called by:
   332 ;;		_main
   333 ;; This function uses a non-reentrant model
   334 ;;
   335                           
   336                           	psect	text4
   337  01FFB8                     __ptext4:
   338                           	callstack 0
   339  01FFB8                     _SysTickSetup:
   340                           	callstack 127
   341  01FFB8                     
   342                           ;encm369_pic18.c: 115:   G_u32SystemTime1ms = 0;
   343  01FFB8  0E00               	movlw	0
   344  01FFBA  6E09               	movwf	_G_u32SystemTime1ms^(0+1280),c	;volatile
   345  01FFBC  0E00               	movlw	0
   346  01FFBE  6E0A               	movwf	(_G_u32SystemTime1ms+1)^(0+1280),c	;volatile
   347  01FFC0  0E00               	movlw	0
   348  01FFC2  6E0B               	movwf	(_G_u32SystemTime1ms+2)^(0+1280),c	;volatile
   349  01FFC4  0E00               	movlw	0
   350  01FFC6  6E0C               	movwf	(_G_u32SystemTime1ms+3)^(0+1280),c	;volatile
   351                           
   352                           ;encm369_pic18.c: 116:   G_u32SystemTime1s = 0;
   353  01FFC8  0E00               	movlw	0
   354  01FFCA  6E05               	movwf	_G_u32SystemTime1s^(0+1280),c	;volatile
   355  01FFCC  0E00               	movlw	0
   356  01FFCE  6E06               	movwf	(_G_u32SystemTime1s+1)^(0+1280),c	;volatile
   357  01FFD0  0E00               	movlw	0
   358  01FFD2  6E07               	movwf	(_G_u32SystemTime1s+2)^(0+1280),c	;volatile
   359  01FFD4  0E00               	movlw	0
   360  01FFD6  6E08               	movwf	(_G_u32SystemTime1s+3)^(0+1280),c	;volatile
   361  01FFD8  0012               	return		;funcret
   362  01FFDA                     __end_of_SysTickSetup:
   363                           	callstack 0
   364                           
   365 ;; *************** function _GpioSetup *****************
   366 ;; Defined at:
   367 ;;		line 89 in file "encm369_pic18.c"
   368 ;; Parameters:    Size  Location     Type
   369 ;;		None
   370 ;; Auto vars:     Size  Location     Type
   371 ;;		None
   372 ;; Return value:  Size  Location     Type
   373 ;;                  1    wreg      void 
   374 ;; Registers used:
   375 ;;		wreg, status,2
   376 ;; Tracked objects:
   377 ;;		On entry : 0/0
   378 ;;		On exit  : 0/0
   379 ;;		Unchanged: 0/0
   380 ;; Data sizes:     COMRAM   BANK5   BANK6   BANK7   BANK8   BANK9  BANK10  BANK11  BANK12  BANK13  BANK14  BANK15  BANK1
      +6  BANK17  BANK18  BANK19  BANK20  BANK21  BANK22  BANK23  BANK24  BANK25  BANK26  BANK27  BANK28  BANK29  BANK30  BANK3
      +1  BANK32  BANK33  BANK34  BANK35  BANK36  BANK37
   381 ;;      Params:         0       0       0       0       0       0       0       0       0       0       0       0       
      +0       0       0       0       0       0       0       0       0       0       0       0       0       0       0       
      +0       0       0       0       0       0       0
   382 ;;      Locals:         0       0       0       0       0       0       0       0       0       0       0       0       
      +0       0       0       0       0       0       0       0       0       0       0       0       0       0       0       
      +0       0       0       0       0       0       0
   383 ;;      Temps:          0       0       0       0       0       0       0       0       0       0       0       0       
      +0       0       0       0       0       0       0       0       0       0       0       0       0       0       0       
      +0       0       0       0       0       0       0
   384 ;;      Totals:         0       0       0       0       0       0       0       0       0       0       0       0       
      +0       0       0       0       0       0       0       0       0       0       0       0       0       0       0       
      +0       0       0       0       0       0       0
   385 ;;Total ram usage:        0 bytes
   386 ;; Hardware stack levels used:    1
   387 ;; This function calls:
   388 ;;		Nothing
   389 ;; This function is called by:
   390 ;;		_main
   391 ;; This function uses a non-reentrant model
   392 ;;
   393                           
   394                           	psect	text5
   395  01FF98                     __ptext5:
   396                           	callstack 0
   397  01FF98                     _GpioSetup:
   398                           	callstack 127
   399  01FF98                     
   400                           ;encm369_pic18.c: 91:     LATA = 0x00;
   401  01FF98  0E00               	movlw	0
   402  01FF9A  6EBE               	movwf	190,c	;volatile
   403                           
   404                           ;encm369_pic18.c: 92:     TRISA = 0x00;
   405  01FF9C  0E00               	movlw	0
   406  01FF9E  6EC6               	movwf	198,c	;volatile
   407                           
   408                           ;encm369_pic18.c: 93:     ANSELA = 0x00;
   409  01FFA0  0E00               	movlw	0
   410  01FFA2  0104               	movlb	4	; () banked
   411  01FFA4  6F00               	movwf	0,b	;volatile
   412                           
   413                           ;encm369_pic18.c: 94:     LATA = 0x80;
   414  01FFA6  0E80               	movlw	128
   415  01FFA8  6EBE               	movwf	190,c	;volatile
   416                           
   417                           ;encm369_pic18.c: 95:     PORTB = 0x00;
   418  01FFAA  0E00               	movlw	0
   419  01FFAC  6ECF               	movwf	207,c	;volatile
   420                           
   421                           ;encm369_pic18.c: 96:     ANSELB = 0x00;
   422  01FFAE  0E00               	movlw	0
   423  01FFB0  6F08               	movwf	8,b	;volatile
   424                           
   425                           ;encm369_pic18.c: 97:     TRISB = 0x30;
   426  01FFB2  0E30               	movlw	48
   427  01FFB4  6EC7               	movwf	199,c	;volatile
   428  01FFB6                     
   429                           ; BSR set to: 4
   430  01FFB6  0012               	return		;funcret
   431  01FFB8                     __end_of_GpioSetup:
   432                           	callstack 0
   433                           
   434 ;; *************** function _ClockSetup *****************
   435 ;; Defined at:
   436 ;;		line 70 in file "encm369_pic18.c"
   437 ;; Parameters:    Size  Location     Type
   438 ;;		None
   439 ;; Auto vars:     Size  Location     Type
   440 ;;		None
   441 ;; Return value:  Size  Location     Type
   442 ;;                  1    wreg      void 
   443 ;; Registers used:
   444 ;;		None
   445 ;; Tracked objects:
   446 ;;		On entry : 0/0
   447 ;;		On exit  : 0/0
   448 ;;		Unchanged: 0/0
   449 ;; Data sizes:     COMRAM   BANK5   BANK6   BANK7   BANK8   BANK9  BANK10  BANK11  BANK12  BANK13  BANK14  BANK15  BANK1
      +6  BANK17  BANK18  BANK19  BANK20  BANK21  BANK22  BANK23  BANK24  BANK25  BANK26  BANK27  BANK28  BANK29  BANK30  BANK3
      +1  BANK32  BANK33  BANK34  BANK35  BANK36  BANK37
   450 ;;      Params:         0       0       0       0       0       0       0       0       0       0       0       0       
      +0       0       0       0       0       0       0       0       0       0       0       0       0       0       0       
      +0       0       0       0       0       0       0
   451 ;;      Locals:         0       0       0       0       0       0       0       0       0       0       0       0       
      +0       0       0       0       0       0       0       0       0       0       0       0       0       0       0       
      +0       0       0       0       0       0       0
   452 ;;      Temps:          0       0       0       0       0       0       0       0       0       0       0       0       
      +0       0       0       0       0       0       0       0       0       0       0       0       0       0       0       
      +0       0       0       0       0       0       0
   453 ;;      Totals:         0       0       0       0       0       0       0       0       0       0       0       0       
      +0       0       0       0       0       0       0       0       0       0       0       0       0       0       0       
      +0       0       0       0       0       0       0
   454 ;;Total ram usage:        0 bytes
   455 ;; Hardware stack levels used:    1
   456 ;; This function calls:
   457 ;;		Nothing
   458 ;; This function is called by:
   459 ;;		_main
   460 ;; This function uses a non-reentrant model
   461 ;;
   462                           
   463                           	psect	text6
   464  01FF6A                     __ptext6:
   465                           	callstack 0
   466  01FF6A                     _ClockSetup:
   467                           	callstack 127
   468  01FF6A  0012               	return		;funcret
   469  01FF6C                     __end_of_ClockSetup:
   470                           	callstack 0
   471  0000                     
   472                           	psect	rparam
   473  0000                     
   474                           	psect	idloc
   475                           
   476                           ;Config register IDLOC0 @ 0x200000
   477                           ;	unspecified, using default values
   478  200000                     	org	2097152
   479  200000  0FFF               	dw	4095
   480                           
   481                           ;Config register IDLOC1 @ 0x200002
   482                           ;	unspecified, using default values
   483  200002                     	org	2097154
   484  200002  0FFF               	dw	4095
   485                           
   486                           ;Config register IDLOC2 @ 0x200004
   487                           ;	unspecified, using default values
   488  200004                     	org	2097156
   489  200004  0FFF               	dw	4095
   490                           
   491                           ;Config register IDLOC3 @ 0x200006
   492                           ;	unspecified, using default values
   493  200006                     	org	2097158
   494  200006  0FFF               	dw	4095
   495                           
   496                           ;Config register IDLOC4 @ 0x200008
   497                           ;	unspecified, using default values
   498  200008                     	org	2097160
   499  200008  0FFF               	dw	4095
   500                           
   501                           ;Config register IDLOC5 @ 0x20000A
   502                           ;	unspecified, using default values
   503  20000A                     	org	2097162
   504  20000A  0FFF               	dw	4095
   505                           
   506                           ;Config register IDLOC6 @ 0x20000C
   507                           ;	unspecified, using default values
   508  20000C                     	org	2097164
   509  20000C  0FFF               	dw	4095
   510                           
   511                           ;Config register IDLOC7 @ 0x20000E
   512                           ;	unspecified, using default values
   513  20000E                     	org	2097166
   514  20000E  0FFF               	dw	4095
   515                           
   516                           ;Config register IDLOC8 @ 0x200010
   517                           ;	unspecified, using default values
   518  200010                     	org	2097168
   519  200010  0FFF               	dw	4095
   520                           
   521                           ;Config register IDLOC9 @ 0x200012
   522                           ;	unspecified, using default values
   523  200012                     	org	2097170
   524  200012  0FFF               	dw	4095
   525                           
   526                           ;Config register IDLOC10 @ 0x200014
   527                           ;	unspecified, using default values
   528  200014                     	org	2097172
   529  200014  0FFF               	dw	4095
   530                           
   531                           ;Config register IDLOC11 @ 0x200016
   532                           ;	unspecified, using default values
   533  200016                     	org	2097174
   534  200016  0FFF               	dw	4095
   535                           
   536                           ;Config register IDLOC12 @ 0x200018
   537                           ;	unspecified, using default values
   538  200018                     	org	2097176
   539  200018  0FFF               	dw	4095
   540                           
   541                           ;Config register IDLOC13 @ 0x20001A
   542                           ;	unspecified, using default values
   543  20001A                     	org	2097178
   544  20001A  0FFF               	dw	4095
   545                           
   546                           ;Config register IDLOC14 @ 0x20001C
   547                           ;	unspecified, using default values
   548  20001C                     	org	2097180
   549  20001C  0FFF               	dw	4095
   550                           
   551                           ;Config register IDLOC15 @ 0x20001E
   552                           ;	unspecified, using default values
   553  20001E                     	org	2097182
   554  20001E  0FFF               	dw	4095
   555                           
   556                           	psect	config
   557                           
   558                           ;Config register CONFIG1 @ 0x300000
   559                           ;	External Oscillator Selection
   560                           ;	FEXTOSC = OFF, Oscillator not enabled
   561                           ;	Reset Oscillator Selection
   562                           ;	RSTOSC = HFINTOSC_64MHZ, HFINTOSC with HFFRQ = 64 MHz and CDIV = 1:1
   563  300000                     	org	3145728
   564  300000  8C                 	db	140
   565                           
   566                           ;Config register CONFIG2 @ 0x300001
   567                           ;	Clock out Enable bit
   568                           ;	CLKOUTEN = ON, CLKOUT function is enabled
   569                           ;	PRLOCKED One-Way Set Enable bit
   570                           ;	PR1WAY = ON, PRLOCKED bit can be cleared and set only once
   571                           ;	Clock Switch Enable bit
   572                           ;	CSWEN = ON, Writing to NOSC and NDIV is allowed
   573                           ;	Fail-Safe Clock Monitor Enable bit
   574                           ;	FCMEN = ON, Fail-Safe Clock Monitor enabled
   575  300001                     	org	3145729
   576  300001  FE                 	db	254
   577                           
   578                           ;Config register CONFIG3 @ 0x300002
   579                           ;	MCLR Enable bit
   580                           ;	MCLRE = EXTMCLR, If LVP = 0, MCLR pin is MCLR; If LVP = 1, RE3 pin function is MCLR
   581                           ;	Power-up timer selection bits
   582                           ;	PWRTS = PWRT_OFF, PWRT is disabled
   583                           ;	Multi-vector enable bit
   584                           ;	MVECEN = ON, Multi-vector enabled, Vector table used for interrupts
   585                           ;	IVTLOCK bit One-way set enable bit
   586                           ;	IVT1WAY = ON, IVTLOCKED bit can be cleared and set only once
   587                           ;	Low Power BOR Enable bit
   588                           ;	LPBOREN = OFF, Low-Power BOR disabled
   589                           ;	Brown-out Reset Enable bits
   590                           ;	BOREN = SBORDIS, Brown-out Reset enabled , SBOREN bit is ignored
   591  300002                     	org	3145730
   592  300002  FF                 	db	255
   593                           
   594                           ;Config register CONFIG4 @ 0x300003
   595                           ;	Brown-out Reset Voltage Selection bits
   596                           ;	BORV = VBOR_2P85, Brown-out Reset Voltage (VBOR) set to 2.8V
   597                           ;	ZCD Disable bit
   598                           ;	ZCD = OFF, ZCD module is disabled. ZCD can be enabled by setting the ZCDSEN bit of ZCD
      +                          CON
   599                           ;	PPSLOCK bit One-Way Set Enable bit
   600                           ;	PPS1WAY = ON, PPSLOCKED bit can be cleared and set only once; PPS registers remain loc
      +                          ked after one clear/set cycle
   601                           ;	Stack Full/Underflow Reset Enable bit
   602                           ;	STVREN = ON, Stack full/underflow will cause Reset
   603                           ;	Low Voltage Programming Enable bit
   604                           ;	LVP = ON, Low voltage programming enabled. MCLR/VPP pin function is MCLR. MCLRE config
      +                          uration bit is ignored
   605                           ;	Extended Instruction Set Enable bit
   606                           ;	XINST = OFF, Extended Instruction Set and Indexed Addressing Mode disabled
   607  300003                     	org	3145731
   608  300003  FC                 	db	252
   609                           
   610                           ;Config register CONFIG5 @ 0x300004
   611                           ;	WDT Period selection bits
   612                           ;	WDTCPS = WDTCPS_31, Divider ratio 1:65536; software control of WDTPS
   613                           ;	WDT operating mode
   614                           ;	WDTE = OFF, WDT Disabled; SWDTEN is ignored
   615  300004                     	org	3145732
   616  300004  9F                 	db	159
   617                           
   618                           ;Config register CONFIG6 @ 0x300005
   619                           ;	WDT Window Select bits
   620                           ;	WDTCWS = WDTCWS_7, window always open (100%); software control; keyed access not requi
      +                          red
   621                           ;	WDT input clock selector
   622                           ;	WDTCCS = SC, Software Control
   623  300005                     	org	3145733
   624  300005  FF                 	db	255
   625                           
   626                           ;Config register CONFIG7 @ 0x300006
   627                           ;	Boot Block Size selection bits
   628                           ;	BBSIZE = BBSIZE_512, Boot Block size is 512 words
   629                           ;	Boot Block enable bit
   630                           ;	BBEN = OFF, Boot block disabled
   631                           ;	Storage Area Flash enable bit
   632                           ;	SAFEN = OFF, SAF disabled
   633                           ;	Background Debugger
   634                           ;	DEBUG = OFF, Background Debugger disabled
   635  300006                     	org	3145734
   636  300006  FF                 	db	255
   637                           
   638                           ;Config register CONFIG8 @ 0x300007
   639                           ;	Boot Block Write Protection bit
   640                           ;	WRTB = OFF, Boot Block not Write protected
   641                           ;	Configuration Register Write Protection bit
   642                           ;	WRTC = OFF, Configuration registers not Write protected
   643                           ;	Data EEPROM Write Protection bit
   644                           ;	WRTD = OFF, Data EEPROM not Write protected
   645                           ;	SAF Write protection bit
   646                           ;	WRTSAF = OFF, SAF not Write Protected
   647                           ;	Application Block write protection bit
   648                           ;	WRTAPP = OFF, Application Block not write protected
   649  300007                     	org	3145735
   650  300007  FF                 	db	255
   651                           
   652                           ; Padding undefined space
   653  300008                     	org	3145736
   654  300008  FF                 	db	255
   655                           
   656                           ;Config register CONFIG10 @ 0x300009
   657                           ;	PFM and Data EEPROM Code Protection bit
   658                           ;	CP = OFF, PFM and Data EEPROM code protection disabled
   659  300009                     	org	3145737
   660  300009  FF                 	db	255
   661                           tosu	equ	0x4FF
   662                           tosh	equ	0x4FE
   663                           tosl	equ	0x4FD
   664                           stkptr	equ	0x4FC
   665                           pclatu	equ	0x4FB
   666                           pclath	equ	0x4FA
   667                           pcl	equ	0x4F9
   668                           tblptru	equ	0x4F8
   669                           tblptrh	equ	0x4F7
   670                           tblptrl	equ	0x4F6
   671                           tablat	equ	0x4F5
   672                           prodh	equ	0x4F4
   673                           prodl	equ	0x4F3
   674                           indf0	equ	0x4EF
   675                           postinc0	equ	0x4EE
   676                           postdec0	equ	0x4ED
   677                           preinc0	equ	0x4EC
   678                           plusw0	equ	0x4EB
   679                           fsr0h	equ	0x4EA
   680                           fsr0l	equ	0x4E9
   681                           wreg	equ	0x4E8
   682                           indf1	equ	0x4E7
   683                           postinc1	equ	0x4E6
   684                           postdec1	equ	0x4E5
   685                           preinc1	equ	0x4E4
   686                           plusw1	equ	0x4E3
   687                           fsr1h	equ	0x4E2
   688                           fsr1l	equ	0x4E1
   689                           bsr	equ	0x4E0
   690                           indf2	equ	0x4DF
   691                           postinc2	equ	0x4DE
   692                           postdec2	equ	0x4DD
   693                           preinc2	equ	0x4DC
   694                           plusw2	equ	0x4DB
   695                           fsr2h	equ	0x4DA
   696                           fsr2l	equ	0x4D9
   697                           status	equ	0x4D8

Data Sizes:
    Strings     0
    Constant    0
    Data        0
    BSS         13
    Persistent  0
    Stack       0

Auto Spaces:
    Space          Size  Autos    Used
    COMRAM           95      0      13
    BANK5           160      0       0
    BANK6           256      0       0
    BANK7           256      0       0
    BANK8           256      0       0
    BANK9           256      0       0
    BANK10          256      0       0
    BANK11          256      0       0
    BANK12          256      0       0
    BANK13          256      0       0
    BANK14          256      0       0
    BANK15          256      0       0
    BANK16          256      0       0
    BANK17          256      0       0
    BANK18          256      0       0
    BANK19          256      0       0
    BANK20          256      0       0
    BANK21          256      0       0
    BANK22          256      0       0
    BANK23          256      0       0
    BANK24          256      0       0
    BANK25          256      0       0
    BANK26          256      0       0
    BANK27          256      0       0
    BANK28          256      0       0
    BANK29          256      0       0
    BANK30          256      0       0
    BANK31          256      0       0
    BANK32          256      0       0
    BANK33          256      0       0
    BANK34          256      0       0
    BANK35          256      0       0
    BANK36          256      0       0
    BANK37          256      0       0

Pointer List with Targets:

    None.

Critical Paths under _main in COMRAM

    None.

Critical Paths under _main in BANK5

    None.

Critical Paths under _main in BANK6

    None.

Critical Paths under _main in BANK7

    None.

Critical Paths under _main in BANK8

    None.

Critical Paths under _main in BANK9

    None.

Critical Paths under _main in BANK10

    None.

Critical Paths under _main in BANK11

    None.

Critical Paths under _main in BANK12

    None.

Critical Paths under _main in BANK13

    None.

Critical Paths under _main in BANK14

    None.

Critical Paths under _main in BANK15

    None.

Critical Paths under _main in BANK16

    None.

Critical Paths under _main in BANK17

    None.

Critical Paths under _main in BANK18

    None.

Critical Paths under _main in BANK19

    None.

Critical Paths under _main in BANK20

    None.

Critical Paths under _main in BANK21

    None.

Critical Paths under _main in BANK22

    None.

Critical Paths under _main in BANK23

    None.

Critical Paths under _main in BANK24

    None.

Critical Paths under _main in BANK25

    None.

Critical Paths under _main in BANK26

    None.

Critical Paths under _main in BANK27

    None.

Critical Paths under _main in BANK28

    None.

Critical Paths under _main in BANK29

    None.

Critical Paths under _main in BANK30

    None.

Critical Paths under _main in BANK31

    None.

Critical Paths under _main in BANK32

    None.

Critical Paths under _main in BANK33

    None.

Critical Paths under _main in BANK34

    None.

Critical Paths under _main in BANK35

    None.

Critical Paths under _main in BANK36

    None.

Critical Paths under _main in BANK37

    None.

Call Graph Tables:

 ---------------------------------------------------------------------------------
 (Depth) Function   	        Calls       Base Space   Used Autos Params    Refs
 ---------------------------------------------------------------------------------
 (0) _main                                                 0     0      0       0
                         _ClockSetup
                          _GpioSetup
                       _SysTickSetup
                        _SystemSleep
                  _UserAppInitialize
                         _UserAppRun
 ---------------------------------------------------------------------------------
 (1) _UserAppRun                                           0     0      0       0
 ---------------------------------------------------------------------------------
 (1) _UserAppInitialize                                    0     0      0       0
 ---------------------------------------------------------------------------------
 (1) _SystemSleep                                          0     0      0       0
 ---------------------------------------------------------------------------------
 (1) _SysTickSetup                                         0     0      0       0
 ---------------------------------------------------------------------------------
 (1) _GpioSetup                                            0     0      0       0
 ---------------------------------------------------------------------------------
 (1) _ClockSetup                                           0     0      0       0
 ---------------------------------------------------------------------------------
 Estimated maximum stack depth 1
 ---------------------------------------------------------------------------------

 Call Graph Graphs:

 _main (ROOT)
   _ClockSetup
   _GpioSetup
   _SysTickSetup
   _SystemSleep
   _UserAppInitialize
   _UserAppRun

 Address spaces:
Name               Size   Autos  Total    Cost      Usage
BIGRAM            20FF      0       0      71        0.0%
EEDATA             400      0       0       0        0.0%
BITBANK37          100      0       0      70        0.0%
BANK37             100      0       0      68        0.0%
BITBANK36          100      0       0      66        0.0%
BANK36             100      0       0      67        0.0%
BITBANK35          100      0       0      64        0.0%
BANK35             100      0       0      65        0.0%
BITBANK34          100      0       0      62        0.0%
BANK34             100      0       0      63        0.0%
BITBANK33          100      0       0      60        0.0%
BANK33             100      0       0      61        0.0%
BITBANK32          100      0       0      58        0.0%
BANK32             100      0       0      59        0.0%
BITBANK31          100      0       0      56        0.0%
BANK31             100      0       0      57        0.0%
BITBANK30          100      0       0      54        0.0%
BANK30             100      0       0      55        0.0%
BITBANK29          100      0       0      52        0.0%
BANK29             100      0       0      53        0.0%
BITBANK28          100      0       0      50        0.0%
BANK28             100      0       0      51        0.0%
BITBANK27          100      0       0      48        0.0%
BANK27             100      0       0      49        0.0%
BITBANK26          100      0       0      46        0.0%
BANK26             100      0       0      47        0.0%
BITBANK25          100      0       0      44        0.0%
BANK25             100      0       0      45        0.0%
BITBANK24          100      0       0      42        0.0%
BANK24             100      0       0      43        0.0%
BITBANK23          100      0       0      40        0.0%
BANK23             100      0       0      41        0.0%
BITBANK22          100      0       0      38        0.0%
BANK22             100      0       0      39        0.0%
BITBANK21          100      0       0      36        0.0%
BANK21             100      0       0      37        0.0%
BITBANK20          100      0       0      34        0.0%
BANK20             100      0       0      35        0.0%
BITBANK19          100      0       0      32        0.0%
BANK19             100      0       0      33        0.0%
BITBANK18          100      0       0      30        0.0%
BANK18             100      0       0      31        0.0%
BITBANK17          100      0       0      28        0.0%
BANK17             100      0       0      29        0.0%
BITBANK16          100      0       0      26        0.0%
BANK16             100      0       0      27        0.0%
BITBANK15          100      0       0      24        0.0%
BANK15             100      0       0      25        0.0%
BITBANK14          100      0       0      22        0.0%
BANK14             100      0       0      23        0.0%
BITBANK13          100      0       0      20        0.0%
BANK13             100      0       0      21        0.0%
BITBANK12          100      0       0      18        0.0%
BANK12             100      0       0      19        0.0%
BITBANK11          100      0       0      16        0.0%
BANK11             100      0       0      17        0.0%
BITBANK10          100      0       0      14        0.0%
BANK10             100      0       0      15        0.0%
BITBANK9           100      0       0      12        0.0%
BANK9              100      0       0      13        0.0%
BITBANK8           100      0       0      10        0.0%
BANK8              100      0       0      11        0.0%
BITBANK7           100      0       0       8        0.0%
BANK7              100      0       0       9        0.0%
BITBANK6           100      0       0       6        0.0%
BANK6              100      0       0       7        0.0%
BITBANK5            A0      0       0       4        0.0%
BANK5               A0      0       0       5        0.0%
BITCOMRAM           5F      0       0       0        0.0%
COMRAM              5F      0       D       1       13.7%
BITSFR_5             0      0       0     200        0.0%
SFR_5                0      0       0     200        0.0%
BITSFR_4             0      0       0     200        0.0%
SFR_4                0      0       0     200        0.0%
BITSFR_3             0      0       0     200        0.0%
SFR_3                0      0       0     200        0.0%
BITSFR_2             0      0       0     200        0.0%
SFR_2                0      0       0     200        0.0%
BITSFR_1             0      0       0     200        0.0%
SFR_1                0      0       0     200        0.0%
BITSFR               0      0       0     200        0.0%
SFR                  0      0       0     200        0.0%
STACK                0      0       0       2        0.0%
NULL                 0      0       0       0        0.0%
ABS                  0      0       D      69        0.0%
DATA                 0      0       D       3        0.0%
CODE                 0      0       0       0        0.0%


Microchip Technology PIC18 Macro Assembler V2.31 build 20201012212115 
Symbol Table                                                                                   Tue Feb 16 21:49:37 2021

     __size_of_SysTickSetup 0022                          l22 FFB6                          l25 FFD8  
                        l19 FF6A                          l28 FF6C                          l63 FF6E  
                        l67 FF96                          u10 FF94                          u11 FF90  
                       l743 FF98                         l751 FF94                         l747 FF82  
                       l771 FFDC                         l749 FF86                         l781 FFF0  
                       l773 FFE0                         l767 FFB8                         l775 FFE4  
                       l777 FFE8                         l769 FFDA                         l779 FFEC  
                       _RB5 00267D                         wreg 0004E8                        _LATA 0004BE  
                      _main FFDA                _SysTickSetup FFB8                        start FFFC  
      __size_of_SystemSleep 0002                ___param_bank 000000                  _ClockSetup FF6A  
                     ?_main 0000                       _PORTB 0004CF                       _TRISA 0004C6  
                     _TRISB 0004C7             __initialization FF70                __end_of_main FFFC  
                    ??_main 0000               __activetblptr 000000                      _ANSELA 000400  
                    _ANSELB 000408          __size_of_GpioSetup 0020                 ?_ClockSetup 0000  
                    clear_0 FF76                  _UserAppRun FF82                  __accesstop 0560  
   __end_of__initialization FF7C               ___rparam_used 000001            _G_u8UserAppFlags 050D  
            __pcstackCOMRAM 0000           __end_of_GpioSetup FFB8         __size_of_ClockSetup 0002  
               ?_UserAppRun 0000               ??_SystemSleep 0000                     __Hparam 0000  
                   __Lparam 0000                     __pcinit FF70                     __ramtop 2600  
                   __ptext0 FFDA                     __ptext1 FF82                     __ptext2 FF6E  
                   __ptext3 FF6C                     __ptext4 FFB8                     __ptext5 FF98  
                   __ptext6 FF6A        end_of_initialization FF7C            _G_u32SystemFlags 0501  
                   postinc0 0004EE         __end_of_SystemSleep FF6E                ??_ClockSetup 0000  
       __size_of_UserAppRun 0016          __end_of_ClockSetup FF6C                   _GpioSetup FF98  
       start_initialization FF70               ?_SysTickSetup 0000                 _SystemSleep FF6C  
                ?_GpioSetup 0000                 __pbssCOMRAM 0501           _UserAppInitialize FF6E  
              ??_UserAppRun 0000          ?_UserAppInitialize 0000              ??_SysTickSetup 0000  
       ??_UserAppInitialize 0000          __end_of_UserAppRun FF98   __end_of_UserAppInitialize FF70  
               ??_GpioSetup 0000                    __Hrparam 0000                    __Lrparam 0000  
      __end_of_SysTickSetup FFDA  __size_of_UserAppInitialize 0002               __size_of_main 0022  
              ?_SystemSleep 0000          _G_u32SystemTime1ms 0509           _G_u32SystemTime1s 0505  
