

Microchip MPLAB XC8 Assembler V2.31 build 20201012212115 
                                                                                               Tue Mar 23 00:04:20 2021

Microchip MPLAB XC8 C Compiler v2.31 (Free license) build 20201012212115 Og1 
     1                           	processor	18F27Q43
     2                           	fnconf	rparam,??,?,0
     3                           	pagewidth 120
     4                           	opt	flic
     5                           	psect	cinit,global,reloc=2,class=CODE,delta=1
     6                           	psect	bssCOMRAM,global,class=COMRAM,space=1,delta=1,lowdata,noexec
     7                           	psect	cstackCOMRAM,global,class=COMRAM,space=1,delta=1,lowdata,noexec
     8                           	psect	text0,global,reloc=2,class=CODE,delta=1
     9                           	psect	text1,global,reloc=2,class=CODE,delta=1
    10                           	psect	text2,global,reloc=2,class=CODE,delta=1
    11                           	psect	text3,global,reloc=2,class=CODE,delta=1
    12                           	psect	text4,global,reloc=2,class=CODE,delta=1
    13                           	psect	text5,global,reloc=2,class=CODE,delta=1
    14                           	psect	text6,global,reloc=2,class=CODE,delta=1
    15                           	psect	text7,global,reloc=2,class=CODE,delta=1
    16                           	psect	intsave_regs,global,class=BIGRAM,space=1,delta=1,noexec
    17                           	psect	rparam,global,class=COMRAM,space=1,delta=1,noexec
    18                           	psect	idloc,global,abs,ovrld,class=IDLOC,space=5,delta=1,noexec
    19                           	psect	config,global,abs,ovrld,class=CONFIG,space=4,delta=1,noexec
    20  0000                     
    21                           ; Version 2.30
    22                           ; Generated 20/08/2020 GMT
    23                           ; 
    24                           ; Copyright © 2020, Microchip Technology Inc. and its subsidiaries ("Microchip")
    25                           ; All rights reserved.
    26                           ; 
    27                           ; This software is developed by Microchip Technology Inc. and its subsidiaries ("Microch
      +                          ip").
    28                           ; 
    29                           ; Redistribution and use in source and binary forms, with or without modification, are
    30                           ; permitted provided that the following conditions are met:
    31                           ; 
    32                           ;     1. Redistributions of source code must retain the above copyright notice, this lis
      +                          t of
    33                           ;        conditions and the following disclaimer.
    34                           ; 
    35                           ;     2. Redistributions in binary form must reproduce the above copyright notice, this 
      +                          list
    36                           ;        of conditions and the following disclaimer in the documentation and/or other
    37                           ;        materials provided with the distribution. Publication is not required when
    38                           ;        this file is used in an embedded application.
    39                           ; 
    40                           ;     3. Microchip's name may not be used to endorse or promote products derived from th
      +                          is
    41                           ;        software without specific prior written permission.
    42                           ; 
    43                           ; THIS SOFTWARE IS PROVIDED BY MICROCHIP "AS IS" AND ANY EXPRESS OR IMPLIED WARRANTIES,
    44                           ; INCLUDING, BUT NOT LIMITED TO, THE IMPLIED WARRANTIES OF MERCHANTABILITY AND FITNESS F
      +                          OR
    45                           ; PURPOSE ARE DISCLAIMED.  IN NO EVENT SHALL MICROCHIP BE LIABLE FOR ANY DIRECT, INDIREC
      +                          T,
    46                           ; INCIDENTAL, SPECIAL, EXEMPLARY, OR CONSEQUENTIAL DAMAGES (INCLUDING BUT NOT LIMITED TO
    47                           ; PROCUREMENT OF SUBSTITUTE GOODS OR SERVICES; LOSS OF USE, DATA OR PROFITS; OR BUSINESS
    48                           ; INTERRUPTION) HOWSOEVER CAUSED AND ON ANY THEORY OF LIABILITY, WHETHER IN CONTRACT, ST
      +                          RICT
    49                           ; LIABILITY, OR TORT (INCLUDING NEGLIGENCE OR OTHERWISE) ARISING IN ANY WAY OUT OF THE U
      +                          SE OF
    50                           ; THIS SOFTWARE, EVEN IF ADVISED OF THE POSSIBILITY OF SUCH DAMAGE.
    51                           ; 
    52                           ; 
    53                           ; Code-generator required, PIC18F27Q43 Definitions
    54                           ; 
    55                           ; SFR Addresses
    56  0000                     _DAC1DATL	set	125
    57  0000                     _DAC1CON	set	127
    58  0000                     _TMR0H	set	793
    59  0000                     _TMR0L	set	792
    60  0000                     _T0CON1	set	795
    61  0000                     _T0CON0	set	794
    62  0000                     _ANSELA	set	1024
    63  0000                     _PIR3	set	1201
    64  0000                     _TRISA	set	1222
    65  0000                     _LATA	set	1214
    66                           
    67                           ; #config settings
    68                           
    69                           	psect	cinit
    70  01FEF6                     __pcinit:
    71                           	callstack 0
    72  01FEF6                     start_initialization:
    73                           	callstack 0
    74  01FEF6                     __initialization:
    75                           	callstack 0
    76                           
    77                           ; Clear objects allocated to COMRAM (14 bytes)
    78  01FEF6  EE01  F101         	lfsr	0,__pbssCOMRAM
    79  01FEFA  0E0E               	movlw	14
    80  01FEFC                     clear_0:
    81  01FEFC  6AEE               	clrf	postinc0,c
    82  01FEFE  06E8               	decf	wreg,f,c
    83  01FF00  E1FD               	bnz	clear_0
    84  01FF02                     end_of_initialization:
    85                           	callstack 0
    86  01FF02                     __end_of__initialization:
    87                           	callstack 0
    88  01FF02  0100               	movlb	0
    89  01FF04  EFB7  F0FF         	goto	_main	;jump to C main() function
    90                           
    91                           	psect	bssCOMRAM
    92  000501                     __pbssCOMRAM:
    93                           	callstack 0
    94  000501                     _G_u32SystemFlags:
    95                           	callstack 0
    96  000501                     	ds	4
    97  000505                     _G_u32SystemTime1s:
    98                           	callstack 0
    99  000505                     	ds	4
   100  000509                     _G_u32SystemTime1ms:
   101                           	callstack 0
   102  000509                     	ds	4
   103  00050D                     UserAppRun@direction:
   104                           	callstack 0
   105  00050D                     	ds	1
   106  00050E                     _G_u8UserAppFlags:
   107                           	callstack 0
   108  00050E                     	ds	1
   109                           
   110                           	psect	cstackCOMRAM
   111  00050F                     __pcstackCOMRAM:
   112                           	callstack 0
   113  00050F                     TimeXus@u16Microseconds:
   114                           	callstack 0
   115                           
   116                           ; 2 bytes @ 0x0
   117  00050F                     	ds	2
   118  000511                     TimeXus@u8LowInput:
   119                           	callstack 0
   120                           
   121                           ; 1 bytes @ 0x2
   122  000511                     	ds	1
   123  000512                     TimeXus@u8HighInput:
   124                           	callstack 0
   125                           
   126                           ; 1 bytes @ 0x3
   127  000512                     	ds	1
   128  000513                     TimeXus@u16OverFlow:
   129                           	callstack 0
   130                           
   131                           ; 2 bytes @ 0x4
   132  000513                     	ds	2
   133  000515                     
   134                           ; 1 bytes @ 0x6
   135 ;;
   136 ;;Main: autosize = 0, tempsize = 0, incstack = 0, save=0
   137 ;;
   138 ;; *************** function _main *****************
   139 ;; Defined at:
   140 ;;		line 35 in file "main.c"
   141 ;; Parameters:    Size  Location     Type
   142 ;;		None
   143 ;; Auto vars:     Size  Location     Type
   144 ;;		None
   145 ;; Return value:  Size  Location     Type
   146 ;;                  1    wreg      void 
   147 ;; Registers used:
   148 ;;		wreg, status,2, status,0, cstack
   149 ;; Tracked objects:
   150 ;;		On entry : 0/0
   151 ;;		On exit  : 0/0
   152 ;;		Unchanged: 0/0
   153 ;; Data sizes:     COMRAM   BANK5   BANK6   BANK7   BANK8   BANK9  BANK10  BANK11  BANK12  BANK13  BANK14  BANK15  BANK1
      +6  BANK17  BANK18  BANK19  BANK20  BANK21  BANK22  BANK23  BANK24  BANK25  BANK26  BANK27  BANK28  BANK29  BANK30  BANK3
      +1  BANK32  BANK33  BANK34  BANK35  BANK36  BANK37
   154 ;;      Params:         0       0       0       0       0       0       0       0       0       0       0       0       
      +0       0       0       0       0       0       0       0       0       0       0       0       0       0       0       
      +0       0       0       0       0       0       0
   155 ;;      Locals:         0       0       0       0       0       0       0       0       0       0       0       0       
      +0       0       0       0       0       0       0       0       0       0       0       0       0       0       0       
      +0       0       0       0       0       0       0
   156 ;;      Temps:          0       0       0       0       0       0       0       0       0       0       0       0       
      +0       0       0       0       0       0       0       0       0       0       0       0       0       0       0       
      +0       0       0       0       0       0       0
   157 ;;      Totals:         0       0       0       0       0       0       0       0       0       0       0       0       
      +0       0       0       0       0       0       0       0       0       0       0       0       0       0       0       
      +0       0       0       0       0       0       0
   158 ;;Total ram usage:        0 bytes
   159 ;; Hardware stack levels required when called:    1
   160 ;; This function calls:
   161 ;;		_ClockSetup
   162 ;;		_GpioSetup
   163 ;;		_SysTickSetup
   164 ;;		_SystemSleep
   165 ;;		_TimeXus
   166 ;;		_UserAppInitialize
   167 ;;		_UserAppRun
   168 ;; This function is called by:
   169 ;;		Startup code after reset
   170 ;; This function uses a non-reentrant model
   171 ;;
   172                           
   173                           	psect	text0
   174  01FF6E                     __ptext0:
   175                           	callstack 0
   176  01FF6E                     _main:
   177                           	callstack 127
   178  01FF6E                     
   179                           ;main.c: 37:   G_u32SystemFlags |= (u32)0x80000000;
   180  01FF6E  8E04               	bsf	(_G_u32SystemFlags+3)^(0+1280),7,c	;volatile
   181  01FF70                     
   182                           ;main.c: 40:   ClockSetup();
   183  01FF70  EC73  F0FF         	call	_ClockSetup	;wreg free
   184  01FF74                     
   185                           ;main.c: 41:   SysTickSetup();
   186  01FF74  EC8F  F0FF         	call	_SysTickSetup	;wreg free
   187  01FF78                     
   188                           ;main.c: 42:   GpioSetup();
   189  01FF78  EC84  F0FF         	call	_GpioSetup	;wreg free
   190  01FF7C                     
   191                           ;main.c: 47:   UserAppInitialize();
   192  01FF7C  EC75  F0FF         	call	_UserAppInitialize	;wreg free
   193  01FF80                     l842:
   194                           
   195                           ;main.c: 53:   {;main.c: 57:     UserAppRun();
   196  01FF80  ECD5  F0FF         	call	_UserAppRun	;wreg free
   197  01FF84                     
   198                           ;main.c: 62:     SystemSleep();
   199  01FF84  EC74  F0FF         	call	_SystemSleep	;wreg free
   200  01FF88                     
   201                           ;main.c: 63:     TimeXus(4);
   202  01FF88  0E00               	movlw	0
   203  01FF8A  6E10               	movwf	(TimeXus@u16Microseconds+1)^(0+1280),c
   204  01FF8C  0E04               	movlw	4
   205  01FF8E  6E0F               	movwf	TimeXus@u16Microseconds^(0+1280),c
   206  01FF90  ECA0  F0FF         	call	_TimeXus	;wreg free
   207  01FF94                     l52:
   208                           
   209                           ;main.c: 64:     while((PIR3 & 0x80) != 0x80)
   210  01FF94  AEB1               	btfss	177,7,c	;volatile
   211  01FF96  EFCF  F0FF         	goto	u61
   212  01FF9A  EFD1  F0FF         	goto	u60
   213  01FF9E                     u61:
   214  01FF9E  EFCA  F0FF         	goto	l52
   215  01FFA2                     u60:
   216  01FFA2  EFC0  F0FF         	goto	l842
   217  01FFA6  EFFE  F0FF         	goto	start
   218  01FFAA                     __end_of_main:
   219                           	callstack 0
   220                           
   221 ;; *************** function _UserAppRun *****************
   222 ;; Defined at:
   223 ;;		line 96 in file "user_app.c"
   224 ;; Parameters:    Size  Location     Type
   225 ;;		None
   226 ;; Auto vars:     Size  Location     Type
   227 ;;		None
   228 ;; Return value:  Size  Location     Type
   229 ;;                  1    wreg      void 
   230 ;; Registers used:
   231 ;;		wreg, status,2, status,0
   232 ;; Tracked objects:
   233 ;;		On entry : 0/0
   234 ;;		On exit  : 0/0
   235 ;;		Unchanged: 0/0
   236 ;; Data sizes:     COMRAM   BANK5   BANK6   BANK7   BANK8   BANK9  BANK10  BANK11  BANK12  BANK13  BANK14  BANK15  BANK1
      +6  BANK17  BANK18  BANK19  BANK20  BANK21  BANK22  BANK23  BANK24  BANK25  BANK26  BANK27  BANK28  BANK29  BANK30  BANK3
      +1  BANK32  BANK33  BANK34  BANK35  BANK36  BANK37
   237 ;;      Params:         0       0       0       0       0       0       0       0       0       0       0       0       
      +0       0       0       0       0       0       0       0       0       0       0       0       0       0       0       
      +0       0       0       0       0       0       0
   238 ;;      Locals:         0       0       0       0       0       0       0       0       0       0       0       0       
      +0       0       0       0       0       0       0       0       0       0       0       0       0       0       0       
      +0       0       0       0       0       0       0
   239 ;;      Temps:          0       0       0       0       0       0       0       0       0       0       0       0       
      +0       0       0       0       0       0       0       0       0       0       0       0       0       0       0       
      +0       0       0       0       0       0       0
   240 ;;      Totals:         0       0       0       0       0       0       0       0       0       0       0       0       
      +0       0       0       0       0       0       0       0       0       0       0       0       0       0       0       
      +0       0       0       0       0       0       0
   241 ;;Total ram usage:        0 bytes
   242 ;; Hardware stack levels used:    1
   243 ;; This function calls:
   244 ;;		Nothing
   245 ;; This function is called by:
   246 ;;		_main
   247 ;; This function uses a non-reentrant model
   248 ;;
   249                           
   250                           	psect	text1
   251  01FFAA                     __ptext1:
   252                           	callstack 0
   253  01FFAA                     _UserAppRun:
   254                           	callstack 127
   255  01FFAA                     
   256                           ;user_app.c: 98:     static u8 direction =0;;user_app.c: 100:     if(direction==0)
   257  01FFAA  500D               	movf	UserAppRun@direction^(0+1280),w,c
   258  01FFAC  A4D8               	btfss	status,2,c
   259  01FFAE  EFDB  F0FF         	goto	u11
   260  01FFB2  EFDD  F0FF         	goto	u10
   261  01FFB6                     u11:
   262  01FFB6  EFE9  F0FF         	goto	l79
   263  01FFBA                     u10:
   264  01FFBA                     
   265                           ;user_app.c: 101:     {;user_app.c: 102:         DAC1DATL++;
   266  01FFBA  0100               	movlb	0	; () banked
   267  01FFBC  2B7D               	incf	125,f,b	;volatile
   268  01FFBE                     
   269                           ; BSR set to: 0
   270                           ;user_app.c: 103:         if( DAC1DATL == 255)
   271  01FFBE  297D               	incf	125,w,b	;volatile
   272  01FFC0  A4D8               	btfss	status,2,c
   273  01FFC2  EFE5  F0FF         	goto	u21
   274  01FFC6  EFE7  F0FF         	goto	u20
   275  01FFCA                     u21:
   276  01FFCA  EFE9  F0FF         	goto	l79
   277  01FFCE                     u20:
   278  01FFCE                     
   279                           ; BSR set to: 0
   280                           ;user_app.c: 104:         {;user_app.c: 105:             direction =1;
   281  01FFCE  0E01               	movlw	1
   282  01FFD0  6E0D               	movwf	UserAppRun@direction^(0+1280),c
   283  01FFD2                     l79:
   284                           
   285                           ;user_app.c: 108:     if(direction == 0)
   286  01FFD2  500D               	movf	UserAppRun@direction^(0+1280),w,c
   287  01FFD4  A4D8               	btfss	status,2,c
   288  01FFD6  EFEF  F0FF         	goto	u31
   289  01FFDA  EFF1  F0FF         	goto	u30
   290  01FFDE                     u31:
   291  01FFDE  EFFD  F0FF         	goto	l83
   292  01FFE2                     u30:
   293  01FFE2                     
   294                           ;user_app.c: 109:     {;user_app.c: 110:         DAC1DATL--;
   295  01FFE2  0100               	movlb	0	; () banked
   296  01FFE4  077D               	decf	125,f,b	;volatile
   297  01FFE6                     
   298                           ; BSR set to: 0
   299                           ;user_app.c: 111:         if (DAC1DATL==0)
   300  01FFE6  517D               	movf	125,w,b	;volatile
   301  01FFE8  A4D8               	btfss	status,2,c
   302  01FFEA  EFF9  F0FF         	goto	u41
   303  01FFEE  EFFB  F0FF         	goto	u40
   304  01FFF2                     u41:
   305  01FFF2  EFFD  F0FF         	goto	l83
   306  01FFF6                     u40:
   307  01FFF6                     
   308                           ; BSR set to: 0
   309                           ;user_app.c: 112:         {;user_app.c: 113:             direction=0;
   310  01FFF6  0E00               	movlw	0
   311  01FFF8  6E0D               	movwf	UserAppRun@direction^(0+1280),c
   312  01FFFA                     l83:
   313  01FFFA  0012               	return		;funcret
   314  01FFFC                     __end_of_UserAppRun:
   315                           	callstack 0
   316                           
   317 ;; *************** function _UserAppInitialize *****************
   318 ;; Defined at:
   319 ;;		line 77 in file "user_app.c"
   320 ;; Parameters:    Size  Location     Type
   321 ;;		None
   322 ;; Auto vars:     Size  Location     Type
   323 ;;		None
   324 ;; Return value:  Size  Location     Type
   325 ;;                  1    wreg      void 
   326 ;; Registers used:
   327 ;;		wreg, status,2
   328 ;; Tracked objects:
   329 ;;		On entry : 0/0
   330 ;;		On exit  : 0/0
   331 ;;		Unchanged: 0/0
   332 ;; Data sizes:     COMRAM   BANK5   BANK6   BANK7   BANK8   BANK9  BANK10  BANK11  BANK12  BANK13  BANK14  BANK15  BANK1
      +6  BANK17  BANK18  BANK19  BANK20  BANK21  BANK22  BANK23  BANK24  BANK25  BANK26  BANK27  BANK28  BANK29  BANK30  BANK3
      +1  BANK32  BANK33  BANK34  BANK35  BANK36  BANK37
   333 ;;      Params:         0       0       0       0       0       0       0       0       0       0       0       0       
      +0       0       0       0       0       0       0       0       0       0       0       0       0       0       0       
      +0       0       0       0       0       0       0
   334 ;;      Locals:         0       0       0       0       0       0       0       0       0       0       0       0       
      +0       0       0       0       0       0       0       0       0       0       0       0       0       0       0       
      +0       0       0       0       0       0       0
   335 ;;      Temps:          0       0       0       0       0       0       0       0       0       0       0       0       
      +0       0       0       0       0       0       0       0       0       0       0       0       0       0       0       
      +0       0       0       0       0       0       0
   336 ;;      Totals:         0       0       0       0       0       0       0       0       0       0       0       0       
      +0       0       0       0       0       0       0       0       0       0       0       0       0       0       0       
      +0       0       0       0       0       0       0
   337 ;;Total ram usage:        0 bytes
   338 ;; Hardware stack levels used:    1
   339 ;; This function calls:
   340 ;;		Nothing
   341 ;; This function is called by:
   342 ;;		_main
   343 ;; This function uses a non-reentrant model
   344 ;;
   345                           
   346                           	psect	text2
   347  01FEEA                     __ptext2:
   348                           	callstack 0
   349  01FEEA                     _UserAppInitialize:
   350                           	callstack 127
   351  01FEEA                     
   352                           ;user_app.c: 79:     T0CON0 = 0x90;
   353  01FEEA  0E90               	movlw	144
   354  01FEEC  0103               	movlb	3	; () banked
   355  01FEEE  6F1A               	movwf	26,b	;volatile
   356                           
   357                           ;user_app.c: 80:     T0CON1 = 0x54;
   358  01FEF0  0E54               	movlw	84
   359  01FEF2  6F1B               	movwf	27,b	;volatile
   360  01FEF4                     
   361                           ; BSR set to: 3
   362  01FEF4  0012               	return		;funcret
   363  01FEF6                     __end_of_UserAppInitialize:
   364                           	callstack 0
   365                           
   366 ;; *************** function _TimeXus *****************
   367 ;; Defined at:
   368 ;;		line 118 in file "user_app.c"
   369 ;; Parameters:    Size  Location     Type
   370 ;;  u16Microseco    2    0[COMRAM] unsigned short 
   371 ;; Auto vars:     Size  Location     Type
   372 ;;  u16OverFlow     2    4[COMRAM] unsigned short 
   373 ;;  u8HighInput     1    3[COMRAM] unsigned char 
   374 ;;  u8LowInput      1    2[COMRAM] unsigned char 
   375 ;; Return value:  Size  Location     Type
   376 ;;                  1    wreg      void 
   377 ;; Registers used:
   378 ;;		wreg, status,2, status,0
   379 ;; Tracked objects:
   380 ;;		On entry : 0/0
   381 ;;		On exit  : 0/0
   382 ;;		Unchanged: 0/0
   383 ;; Data sizes:     COMRAM   BANK5   BANK6   BANK7   BANK8   BANK9  BANK10  BANK11  BANK12  BANK13  BANK14  BANK15  BANK1
      +6  BANK17  BANK18  BANK19  BANK20  BANK21  BANK22  BANK23  BANK24  BANK25  BANK26  BANK27  BANK28  BANK29  BANK30  BANK3
      +1  BANK32  BANK33  BANK34  BANK35  BANK36  BANK37
   384 ;;      Params:         2       0       0       0       0       0       0       0       0       0       0       0       
      +0       0       0       0       0       0       0       0       0       0       0       0       0       0       0       
      +0       0       0       0       0       0       0
   385 ;;      Locals:         4       0       0       0       0       0       0       0       0       0       0       0       
      +0       0       0       0       0       0       0       0       0       0       0       0       0       0       0       
      +0       0       0       0       0       0       0
   386 ;;      Temps:          0       0       0       0       0       0       0       0       0       0       0       0       
      +0       0       0       0       0       0       0       0       0       0       0       0       0       0       0       
      +0       0       0       0       0       0       0
   387 ;;      Totals:         6       0       0       0       0       0       0       0       0       0       0       0       
      +0       0       0       0       0       0       0       0       0       0       0       0       0       0       0       
      +0       0       0       0       0       0       0
   388 ;;Total ram usage:        6 bytes
   389 ;; Hardware stack levels used:    1
   390 ;; This function calls:
   391 ;;		Nothing
   392 ;; This function is called by:
   393 ;;		_main
   394 ;; This function uses a non-reentrant model
   395 ;;
   396                           
   397                           	psect	text3
   398  01FF40                     __ptext3:
   399                           	callstack 0
   400  01FF40                     _TimeXus:
   401                           	callstack 127
   402  01FF40                     
   403                           ;user_app.c: 119:     T0CON0 &= 0x7F;
   404  01FF40  0103               	movlb	3	; () banked
   405  01FF42  9F1A               	bcf	26,7,b	;volatile
   406  01FF44                     
   407                           ; BSR set to: 3
   408                           ;user_app.c: 121:     u16 u16OverFlow = 0xFFFF - u16Microseconds;
   409  01FF44  1C0F               	comf	TimeXus@u16Microseconds^(0+1280),w,c
   410  01FF46  6E13               	movwf	TimeXus@u16OverFlow^(0+1280),c
   411  01FF48  1C10               	comf	(TimeXus@u16Microseconds+1)^(0+1280),w,c
   412  01FF4A  6E14               	movwf	(TimeXus@u16OverFlow+1)^(0+1280),c
   413  01FF4C                     
   414                           ; BSR set to: 3
   415                           ;user_app.c: 123:     u8 u8LowInput = u16OverFlow & 0xFF;
   416  01FF4C  C513  F511         	movff	TimeXus@u16OverFlow,TimeXus@u8LowInput
   417  01FF50                     
   418                           ; BSR set to: 3
   419                           ;user_app.c: 124:     u8 u8HighInput = (u16OverFlow>>8)& 0xFF;
   420  01FF50  5014               	movf	(TimeXus@u16OverFlow+1)^(0+1280),w,c
   421  01FF52  6E12               	movwf	TimeXus@u8HighInput^(0+1280),c
   422  01FF54                     
   423                           ; BSR set to: 3
   424                           ;user_app.c: 126:     TMR0L = u8LowInput;
   425  01FF54  0061  F444  F318   	movff	TimeXus@u8LowInput,792	;volatile
   426  01FF5A                     
   427                           ; BSR set to: 3
   428                           ;user_app.c: 127:     TMR0H = u8HighInput;
   429  01FF5A  0061  F448  F319   	movff	TimeXus@u8HighInput,793	;volatile
   430  01FF60                     
   431                           ; BSR set to: 3
   432                           ;user_app.c: 129:     PIR3 = PIR3&0x7F;
   433  01FF60  50B1               	movf	177,w,c	;volatile
   434  01FF62  0B7F               	andlw	127
   435  01FF64  6EB1               	movwf	177,c	;volatile
   436  01FF66                     
   437                           ; BSR set to: 3
   438                           ;user_app.c: 131:     T0CON0 = T0CON0 | 0X80;
   439  01FF66  511A               	movf	26,w,b	;volatile
   440  01FF68  0980               	iorlw	128
   441  01FF6A  6F1A               	movwf	26,b	;volatile
   442  01FF6C                     
   443                           ; BSR set to: 3
   444  01FF6C  0012               	return		;funcret
   445  01FF6E                     __end_of_TimeXus:
   446                           	callstack 0
   447                           
   448 ;; *************** function _SystemSleep *****************
   449 ;; Defined at:
   450 ;;		line 142 in file "encm369_pic18.c"
   451 ;; Parameters:    Size  Location     Type
   452 ;;		None
   453 ;; Auto vars:     Size  Location     Type
   454 ;;		None
   455 ;; Return value:  Size  Location     Type
   456 ;;                  1    wreg      void 
   457 ;; Registers used:
   458 ;;		None
   459 ;; Tracked objects:
   460 ;;		On entry : 0/0
   461 ;;		On exit  : 0/0
   462 ;;		Unchanged: 0/0
   463 ;; Data sizes:     COMRAM   BANK5   BANK6   BANK7   BANK8   BANK9  BANK10  BANK11  BANK12  BANK13  BANK14  BANK15  BANK1
      +6  BANK17  BANK18  BANK19  BANK20  BANK21  BANK22  BANK23  BANK24  BANK25  BANK26  BANK27  BANK28  BANK29  BANK30  BANK3
      +1  BANK32  BANK33  BANK34  BANK35  BANK36  BANK37
   464 ;;      Params:         0       0       0       0       0       0       0       0       0       0       0       0       
      +0       0       0       0       0       0       0       0       0       0       0       0       0       0       0       
      +0       0       0       0       0       0       0
   465 ;;      Locals:         0       0       0       0       0       0       0       0       0       0       0       0       
      +0       0       0       0       0       0       0       0       0       0       0       0       0       0       0       
      +0       0       0       0       0       0       0
   466 ;;      Temps:          0       0       0       0       0       0       0       0       0       0       0       0       
      +0       0       0       0       0       0       0       0       0       0       0       0       0       0       0       
      +0       0       0       0       0       0       0
   467 ;;      Totals:         0       0       0       0       0       0       0       0       0       0       0       0       
      +0       0       0       0       0       0       0       0       0       0       0       0       0       0       0       
      +0       0       0       0       0       0       0
   468 ;;Total ram usage:        0 bytes
   469 ;; Hardware stack levels used:    1
   470 ;; This function calls:
   471 ;;		Nothing
   472 ;; This function is called by:
   473 ;;		_main
   474 ;; This function uses a non-reentrant model
   475 ;;
   476                           
   477                           	psect	text4
   478  01FEE8                     __ptext4:
   479                           	callstack 0
   480  01FEE8                     _SystemSleep:
   481                           	callstack 127
   482  01FEE8  0012               	return		;funcret
   483  01FEEA                     __end_of_SystemSleep:
   484                           	callstack 0
   485                           
   486 ;; *************** function _SysTickSetup *****************
   487 ;; Defined at:
   488 ;;		line 120 in file "encm369_pic18.c"
   489 ;; Parameters:    Size  Location     Type
   490 ;;		None
   491 ;; Auto vars:     Size  Location     Type
   492 ;;		None
   493 ;; Return value:  Size  Location     Type
   494 ;;                  1    wreg      void 
   495 ;; Registers used:
   496 ;;		wreg, status,2
   497 ;; Tracked objects:
   498 ;;		On entry : 0/0
   499 ;;		On exit  : 0/0
   500 ;;		Unchanged: 0/0
   501 ;; Data sizes:     COMRAM   BANK5   BANK6   BANK7   BANK8   BANK9  BANK10  BANK11  BANK12  BANK13  BANK14  BANK15  BANK1
      +6  BANK17  BANK18  BANK19  BANK20  BANK21  BANK22  BANK23  BANK24  BANK25  BANK26  BANK27  BANK28  BANK29  BANK30  BANK3
      +1  BANK32  BANK33  BANK34  BANK35  BANK36  BANK37
   502 ;;      Params:         0       0       0       0       0       0       0       0       0       0       0       0       
      +0       0       0       0       0       0       0       0       0       0       0       0       0       0       0       
      +0       0       0       0       0       0       0
   503 ;;      Locals:         0       0       0       0       0       0       0       0       0       0       0       0       
      +0       0       0       0       0       0       0       0       0       0       0       0       0       0       0       
      +0       0       0       0       0       0       0
   504 ;;      Temps:          0       0       0       0       0       0       0       0       0       0       0       0       
      +0       0       0       0       0       0       0       0       0       0       0       0       0       0       0       
      +0       0       0       0       0       0       0
   505 ;;      Totals:         0       0       0       0       0       0       0       0       0       0       0       0       
      +0       0       0       0       0       0       0       0       0       0       0       0       0       0       0       
      +0       0       0       0       0       0       0
   506 ;;Total ram usage:        0 bytes
   507 ;; Hardware stack levels used:    1
   508 ;; This function calls:
   509 ;;		Nothing
   510 ;; This function is called by:
   511 ;;		_main
   512 ;; This function uses a non-reentrant model
   513 ;;
   514                           
   515                           	psect	text5
   516  01FF1E                     __ptext5:
   517                           	callstack 0
   518  01FF1E                     _SysTickSetup:
   519                           	callstack 127
   520  01FF1E                     
   521                           ;encm369_pic18.c: 122:   G_u32SystemTime1ms = 0;
   522  01FF1E  0E00               	movlw	0
   523  01FF20  6E09               	movwf	_G_u32SystemTime1ms^(0+1280),c	;volatile
   524  01FF22  0E00               	movlw	0
   525  01FF24  6E0A               	movwf	(_G_u32SystemTime1ms+1)^(0+1280),c	;volatile
   526  01FF26  0E00               	movlw	0
   527  01FF28  6E0B               	movwf	(_G_u32SystemTime1ms+2)^(0+1280),c	;volatile
   528  01FF2A  0E00               	movlw	0
   529  01FF2C  6E0C               	movwf	(_G_u32SystemTime1ms+3)^(0+1280),c	;volatile
   530                           
   531                           ;encm369_pic18.c: 123:   G_u32SystemTime1s = 0;
   532  01FF2E  0E00               	movlw	0
   533  01FF30  6E05               	movwf	_G_u32SystemTime1s^(0+1280),c	;volatile
   534  01FF32  0E00               	movlw	0
   535  01FF34  6E06               	movwf	(_G_u32SystemTime1s+1)^(0+1280),c	;volatile
   536  01FF36  0E00               	movlw	0
   537  01FF38  6E07               	movwf	(_G_u32SystemTime1s+2)^(0+1280),c	;volatile
   538  01FF3A  0E00               	movlw	0
   539  01FF3C  6E08               	movwf	(_G_u32SystemTime1s+3)^(0+1280),c	;volatile
   540  01FF3E  0012               	return		;funcret
   541  01FF40                     __end_of_SysTickSetup:
   542                           	callstack 0
   543                           
   544 ;; *************** function _GpioSetup *****************
   545 ;; Defined at:
   546 ;;		line 89 in file "encm369_pic18.c"
   547 ;; Parameters:    Size  Location     Type
   548 ;;		None
   549 ;; Auto vars:     Size  Location     Type
   550 ;;		None
   551 ;; Return value:  Size  Location     Type
   552 ;;                  1    wreg      void 
   553 ;; Registers used:
   554 ;;		wreg, status,2
   555 ;; Tracked objects:
   556 ;;		On entry : 0/0
   557 ;;		On exit  : 0/0
   558 ;;		Unchanged: 0/0
   559 ;; Data sizes:     COMRAM   BANK5   BANK6   BANK7   BANK8   BANK9  BANK10  BANK11  BANK12  BANK13  BANK14  BANK15  BANK1
      +6  BANK17  BANK18  BANK19  BANK20  BANK21  BANK22  BANK23  BANK24  BANK25  BANK26  BANK27  BANK28  BANK29  BANK30  BANK3
      +1  BANK32  BANK33  BANK34  BANK35  BANK36  BANK37
   560 ;;      Params:         0       0       0       0       0       0       0       0       0       0       0       0       
      +0       0       0       0       0       0       0       0       0       0       0       0       0       0       0       
      +0       0       0       0       0       0       0
   561 ;;      Locals:         0       0       0       0       0       0       0       0       0       0       0       0       
      +0       0       0       0       0       0       0       0       0       0       0       0       0       0       0       
      +0       0       0       0       0       0       0
   562 ;;      Temps:          0       0       0       0       0       0       0       0       0       0       0       0       
      +0       0       0       0       0       0       0       0       0       0       0       0       0       0       0       
      +0       0       0       0       0       0       0
   563 ;;      Totals:         0       0       0       0       0       0       0       0       0       0       0       0       
      +0       0       0       0       0       0       0       0       0       0       0       0       0       0       0       
      +0       0       0       0       0       0       0
   564 ;;Total ram usage:        0 bytes
   565 ;; Hardware stack levels used:    1
   566 ;; This function calls:
   567 ;;		Nothing
   568 ;; This function is called by:
   569 ;;		_main
   570 ;; This function uses a non-reentrant model
   571 ;;
   572                           
   573                           	psect	text6
   574  01FF08                     __ptext6:
   575                           	callstack 0
   576  01FF08                     _GpioSetup:
   577                           	callstack 127
   578  01FF08                     
   579                           ;encm369_pic18.c: 91:     LATA = 0x00;
   580  01FF08  0E00               	movlw	0
   581  01FF0A  6EBE               	movwf	190,c	;volatile
   582                           
   583                           ;encm369_pic18.c: 92:     TRISA = 0x00;
   584  01FF0C  0E00               	movlw	0
   585  01FF0E  6EC6               	movwf	198,c	;volatile
   586                           
   587                           ;encm369_pic18.c: 93:     ANSELA = 0x00;
   588  01FF10  0E00               	movlw	0
   589  01FF12  0104               	movlb	4	; () banked
   590  01FF14  6F00               	movwf	0,b	;volatile
   591                           
   592                           ;encm369_pic18.c: 104:     DAC1CON = 0xA0;
   593  01FF16  0EA0               	movlw	160
   594  01FF18  0100               	movlb	0	; () banked
   595  01FF1A  6F7F               	movwf	127,b	;volatile
   596  01FF1C                     
   597                           ; BSR set to: 0
   598  01FF1C  0012               	return		;funcret
   599  01FF1E                     __end_of_GpioSetup:
   600                           	callstack 0
   601                           
   602 ;; *************** function _ClockSetup *****************
   603 ;; Defined at:
   604 ;;		line 70 in file "encm369_pic18.c"
   605 ;; Parameters:    Size  Location     Type
   606 ;;		None
   607 ;; Auto vars:     Size  Location     Type
   608 ;;		None
   609 ;; Return value:  Size  Location     Type
   610 ;;                  1    wreg      void 
   611 ;; Registers used:
   612 ;;		None
   613 ;; Tracked objects:
   614 ;;		On entry : 0/0
   615 ;;		On exit  : 0/0
   616 ;;		Unchanged: 0/0
   617 ;; Data sizes:     COMRAM   BANK5   BANK6   BANK7   BANK8   BANK9  BANK10  BANK11  BANK12  BANK13  BANK14  BANK15  BANK1
      +6  BANK17  BANK18  BANK19  BANK20  BANK21  BANK22  BANK23  BANK24  BANK25  BANK26  BANK27  BANK28  BANK29  BANK30  BANK3
      +1  BANK32  BANK33  BANK34  BANK35  BANK36  BANK37
   618 ;;      Params:         0       0       0       0       0       0       0       0       0       0       0       0       
      +0       0       0       0       0       0       0       0       0       0       0       0       0       0       0       
      +0       0       0       0       0       0       0
   619 ;;      Locals:         0       0       0       0       0       0       0       0       0       0       0       0       
      +0       0       0       0       0       0       0       0       0       0       0       0       0       0       0       
      +0       0       0       0       0       0       0
   620 ;;      Temps:          0       0       0       0       0       0       0       0       0       0       0       0       
      +0       0       0       0       0       0       0       0       0       0       0       0       0       0       0       
      +0       0       0       0       0       0       0
   621 ;;      Totals:         0       0       0       0       0       0       0       0       0       0       0       0       
      +0       0       0       0       0       0       0       0       0       0       0       0       0       0       0       
      +0       0       0       0       0       0       0
   622 ;;Total ram usage:        0 bytes
   623 ;; Hardware stack levels used:    1
   624 ;; This function calls:
   625 ;;		Nothing
   626 ;; This function is called by:
   627 ;;		_main
   628 ;; This function uses a non-reentrant model
   629 ;;
   630                           
   631                           	psect	text7
   632  01FEE6                     __ptext7:
   633                           	callstack 0
   634  01FEE6                     _ClockSetup:
   635                           	callstack 127
   636  01FEE6  0012               	return		;funcret
   637  01FEE8                     __end_of_ClockSetup:
   638                           	callstack 0
   639  0000                     
   640                           	psect	rparam
   641  0000                     
   642                           	psect	idloc
   643                           
   644                           ;Config register IDLOC0 @ 0x200000
   645                           ;	unspecified, using default values
   646  200000                     	org	2097152
   647  200000  0FFF               	dw	4095
   648                           
   649                           ;Config register IDLOC1 @ 0x200002
   650                           ;	unspecified, using default values
   651  200002                     	org	2097154
   652  200002  0FFF               	dw	4095
   653                           
   654                           ;Config register IDLOC2 @ 0x200004
   655                           ;	unspecified, using default values
   656  200004                     	org	2097156
   657  200004  0FFF               	dw	4095
   658                           
   659                           ;Config register IDLOC3 @ 0x200006
   660                           ;	unspecified, using default values
   661  200006                     	org	2097158
   662  200006  0FFF               	dw	4095
   663                           
   664                           ;Config register IDLOC4 @ 0x200008
   665                           ;	unspecified, using default values
   666  200008                     	org	2097160
   667  200008  0FFF               	dw	4095
   668                           
   669                           ;Config register IDLOC5 @ 0x20000A
   670                           ;	unspecified, using default values
   671  20000A                     	org	2097162
   672  20000A  0FFF               	dw	4095
   673                           
   674                           ;Config register IDLOC6 @ 0x20000C
   675                           ;	unspecified, using default values
   676  20000C                     	org	2097164
   677  20000C  0FFF               	dw	4095
   678                           
   679                           ;Config register IDLOC7 @ 0x20000E
   680                           ;	unspecified, using default values
   681  20000E                     	org	2097166
   682  20000E  0FFF               	dw	4095
   683                           
   684                           ;Config register IDLOC8 @ 0x200010
   685                           ;	unspecified, using default values
   686  200010                     	org	2097168
   687  200010  0FFF               	dw	4095
   688                           
   689                           ;Config register IDLOC9 @ 0x200012
   690                           ;	unspecified, using default values
   691  200012                     	org	2097170
   692  200012  0FFF               	dw	4095
   693                           
   694                           ;Config register IDLOC10 @ 0x200014
   695                           ;	unspecified, using default values
   696  200014                     	org	2097172
   697  200014  0FFF               	dw	4095
   698                           
   699                           ;Config register IDLOC11 @ 0x200016
   700                           ;	unspecified, using default values
   701  200016                     	org	2097174
   702  200016  0FFF               	dw	4095
   703                           
   704                           ;Config register IDLOC12 @ 0x200018
   705                           ;	unspecified, using default values
   706  200018                     	org	2097176
   707  200018  0FFF               	dw	4095
   708                           
   709                           ;Config register IDLOC13 @ 0x20001A
   710                           ;	unspecified, using default values
   711  20001A                     	org	2097178
   712  20001A  0FFF               	dw	4095
   713                           
   714                           ;Config register IDLOC14 @ 0x20001C
   715                           ;	unspecified, using default values
   716  20001C                     	org	2097180
   717  20001C  0FFF               	dw	4095
   718                           
   719                           ;Config register IDLOC15 @ 0x20001E
   720                           ;	unspecified, using default values
   721  20001E                     	org	2097182
   722  20001E  0FFF               	dw	4095
   723                           
   724                           	psect	config
   725                           
   726                           ;Config register CONFIG1 @ 0x300000
   727                           ;	External Oscillator Selection
   728                           ;	FEXTOSC = OFF, Oscillator not enabled
   729                           ;	Reset Oscillator Selection
   730                           ;	RSTOSC = HFINTOSC_64MHZ, HFINTOSC with HFFRQ = 64 MHz and CDIV = 1:1
   731  300000                     	org	3145728
   732  300000  8C                 	db	140
   733                           
   734                           ;Config register CONFIG2 @ 0x300001
   735                           ;	Clock out Enable bit
   736                           ;	CLKOUTEN = ON, CLKOUT function is enabled
   737                           ;	PRLOCKED One-Way Set Enable bit
   738                           ;	PR1WAY = ON, PRLOCKED bit can be cleared and set only once
   739                           ;	Clock Switch Enable bit
   740                           ;	CSWEN = ON, Writing to NOSC and NDIV is allowed
   741                           ;	Fail-Safe Clock Monitor Enable bit
   742                           ;	FCMEN = ON, Fail-Safe Clock Monitor enabled
   743  300001                     	org	3145729
   744  300001  FE                 	db	254
   745                           
   746                           ;Config register CONFIG3 @ 0x300002
   747                           ;	MCLR Enable bit
   748                           ;	MCLRE = EXTMCLR, If LVP = 0, MCLR pin is MCLR; If LVP = 1, RE3 pin function is MCLR
   749                           ;	Power-up timer selection bits
   750                           ;	PWRTS = PWRT_OFF, PWRT is disabled
   751                           ;	Multi-vector enable bit
   752                           ;	MVECEN = ON, Multi-vector enabled, Vector table used for interrupts
   753                           ;	IVTLOCK bit One-way set enable bit
   754                           ;	IVT1WAY = ON, IVTLOCKED bit can be cleared and set only once
   755                           ;	Low Power BOR Enable bit
   756                           ;	LPBOREN = OFF, Low-Power BOR disabled
   757                           ;	Brown-out Reset Enable bits
   758                           ;	BOREN = SBORDIS, Brown-out Reset enabled , SBOREN bit is ignored
   759  300002                     	org	3145730
   760  300002  FF                 	db	255
   761                           
   762                           ;Config register CONFIG4 @ 0x300003
   763                           ;	Brown-out Reset Voltage Selection bits
   764                           ;	BORV = VBOR_2P85, Brown-out Reset Voltage (VBOR) set to 2.8V
   765                           ;	ZCD Disable bit
   766                           ;	ZCD = OFF, ZCD module is disabled. ZCD can be enabled by setting the ZCDSEN bit of ZCD
      +                          CON
   767                           ;	PPSLOCK bit One-Way Set Enable bit
   768                           ;	PPS1WAY = ON, PPSLOCKED bit can be cleared and set only once; PPS registers remain loc
      +                          ked after one clear/set cycle
   769                           ;	Stack Full/Underflow Reset Enable bit
   770                           ;	STVREN = ON, Stack full/underflow will cause Reset
   771                           ;	Low Voltage Programming Enable bit
   772                           ;	LVP = ON, Low voltage programming enabled. MCLR/VPP pin function is MCLR. MCLRE config
      +                          uration bit is ignored
   773                           ;	Extended Instruction Set Enable bit
   774                           ;	XINST = OFF, Extended Instruction Set and Indexed Addressing Mode disabled
   775  300003                     	org	3145731
   776  300003  FC                 	db	252
   777                           
   778                           ;Config register CONFIG5 @ 0x300004
   779                           ;	WDT Period selection bits
   780                           ;	WDTCPS = WDTCPS_31, Divider ratio 1:65536; software control of WDTPS
   781                           ;	WDT operating mode
   782                           ;	WDTE = OFF, WDT Disabled; SWDTEN is ignored
   783  300004                     	org	3145732
   784  300004  9F                 	db	159
   785                           
   786                           ;Config register CONFIG6 @ 0x300005
   787                           ;	WDT Window Select bits
   788                           ;	WDTCWS = WDTCWS_7, window always open (100%); software control; keyed access not requi
      +                          red
   789                           ;	WDT input clock selector
   790                           ;	WDTCCS = SC, Software Control
   791  300005                     	org	3145733
   792  300005  FF                 	db	255
   793                           
   794                           ;Config register CONFIG7 @ 0x300006
   795                           ;	Boot Block Size selection bits
   796                           ;	BBSIZE = BBSIZE_512, Boot Block size is 512 words
   797                           ;	Boot Block enable bit
   798                           ;	BBEN = OFF, Boot block disabled
   799                           ;	Storage Area Flash enable bit
   800                           ;	SAFEN = OFF, SAF disabled
   801                           ;	Background Debugger
   802                           ;	DEBUG = OFF, Background Debugger disabled
   803  300006                     	org	3145734
   804  300006  FF                 	db	255
   805                           
   806                           ;Config register CONFIG8 @ 0x300007
   807                           ;	Boot Block Write Protection bit
   808                           ;	WRTB = OFF, Boot Block not Write protected
   809                           ;	Configuration Register Write Protection bit
   810                           ;	WRTC = OFF, Configuration registers not Write protected
   811                           ;	Data EEPROM Write Protection bit
   812                           ;	WRTD = OFF, Data EEPROM not Write protected
   813                           ;	SAF Write protection bit
   814                           ;	WRTSAF = OFF, SAF not Write Protected
   815                           ;	Application Block write protection bit
   816                           ;	WRTAPP = OFF, Application Block not write protected
   817  300007                     	org	3145735
   818  300007  FF                 	db	255
   819                           
   820                           ; Padding undefined space
   821  300008                     	org	3145736
   822  300008  FF                 	db	255
   823                           
   824                           ;Config register CONFIG10 @ 0x300009
   825                           ;	PFM and Data EEPROM Code Protection bit
   826                           ;	CP = OFF, PFM and Data EEPROM code protection disabled
   827  300009                     	org	3145737
   828  300009  FF                 	db	255
   829                           tosu	equ	0x4FF
   830                           tosh	equ	0x4FE
   831                           tosl	equ	0x4FD
   832                           stkptr	equ	0x4FC
   833                           pclatu	equ	0x4FB
   834                           pclath	equ	0x4FA
   835                           pcl	equ	0x4F9
   836                           tblptru	equ	0x4F8
   837                           tblptrh	equ	0x4F7
   838                           tblptrl	equ	0x4F6
   839                           tablat	equ	0x4F5
   840                           prodh	equ	0x4F4
   841                           prodl	equ	0x4F3
   842                           indf0	equ	0x4EF
   843                           postinc0	equ	0x4EE
   844                           postdec0	equ	0x4ED
   845                           preinc0	equ	0x4EC
   846                           plusw0	equ	0x4EB
   847                           fsr0h	equ	0x4EA
   848                           fsr0l	equ	0x4E9
   849                           wreg	equ	0x4E8
   850                           indf1	equ	0x4E7
   851                           postinc1	equ	0x4E6
   852                           postdec1	equ	0x4E5
   853                           preinc1	equ	0x4E4
   854                           plusw1	equ	0x4E3
   855                           fsr1h	equ	0x4E2
   856                           fsr1l	equ	0x4E1
   857                           bsr	equ	0x4E0
   858                           indf2	equ	0x4DF
   859                           postinc2	equ	0x4DE
   860                           postdec2	equ	0x4DD
   861                           preinc2	equ	0x4DC
   862                           plusw2	equ	0x4DB
   863                           fsr2h	equ	0x4DA
   864                           fsr2l	equ	0x4D9
   865                           status	equ	0x4D8

Data Sizes:
    Strings     0
    Constant    0
    Data        0
    BSS         14
    Persistent  0
    Stack       0

Auto Spaces:
    Space          Size  Autos    Used
    COMRAM           95      6      20
    BANK5           160      0       0
    BANK6           256      0       0
    BANK7           256      0       0
    BANK8           256      0       0
    BANK9           256      0       0
    BANK10          256      0       0
    BANK11          256      0       0
    BANK12          256      0       0
    BANK13          256      0       0
    BANK14          256      0       0
    BANK15          256      0       0
    BANK16          256      0       0
    BANK17          256      0       0
    BANK18          256      0       0
    BANK19          256      0       0
    BANK20          256      0       0
    BANK21          256      0       0
    BANK22          256      0       0
    BANK23          256      0       0
    BANK24          256      0       0
    BANK25          256      0       0
    BANK26          256      0       0
    BANK27          256      0       0
    BANK28          256      0       0
    BANK29          256      0       0
    BANK30          256      0       0
    BANK31          256      0       0
    BANK32          256      0       0
    BANK33          256      0       0
    BANK34          256      0       0
    BANK35          256      0       0
    BANK36          256      0       0
    BANK37          256      0       0

Pointer List with Targets:

    None.

Critical Paths under _main in COMRAM

    _main->_TimeXus

Critical Paths under _main in BANK5

    None.

Critical Paths under _main in BANK6

    None.

Critical Paths under _main in BANK7

    None.

Critical Paths under _main in BANK8

    None.

Critical Paths under _main in BANK9

    None.

Critical Paths under _main in BANK10

    None.

Critical Paths under _main in BANK11

    None.

Critical Paths under _main in BANK12

    None.

Critical Paths under _main in BANK13

    None.

Critical Paths under _main in BANK14

    None.

Critical Paths under _main in BANK15

    None.

Critical Paths under _main in BANK16

    None.

Critical Paths under _main in BANK17

    None.

Critical Paths under _main in BANK18

    None.

Critical Paths under _main in BANK19

    None.

Critical Paths under _main in BANK20

    None.

Critical Paths under _main in BANK21

    None.

Critical Paths under _main in BANK22

    None.

Critical Paths under _main in BANK23

    None.

Critical Paths under _main in BANK24

    None.

Critical Paths under _main in BANK25

    None.

Critical Paths under _main in BANK26

    None.

Critical Paths under _main in BANK27

    None.

Critical Paths under _main in BANK28

    None.

Critical Paths under _main in BANK29

    None.

Critical Paths under _main in BANK30

    None.

Critical Paths under _main in BANK31

    None.

Critical Paths under _main in BANK32

    None.

Critical Paths under _main in BANK33

    None.

Critical Paths under _main in BANK34

    None.

Critical Paths under _main in BANK35

    None.

Critical Paths under _main in BANK36

    None.

Critical Paths under _main in BANK37

    None.

Call Graph Tables:

 ---------------------------------------------------------------------------------
 (Depth) Function   	        Calls       Base Space   Used Autos Params    Refs
 ---------------------------------------------------------------------------------
 (0) _main                                                 0     0      0     189
                         _ClockSetup
                          _GpioSetup
                       _SysTickSetup
                        _SystemSleep
                            _TimeXus
                  _UserAppInitialize
                         _UserAppRun
 ---------------------------------------------------------------------------------
 (1) _UserAppRun                                           0     0      0       0
 ---------------------------------------------------------------------------------
 (1) _UserAppInitialize                                    0     0      0       0
 ---------------------------------------------------------------------------------
 (1) _TimeXus                                              6     4      2     189
                                              0 COMRAM     6     4      2
 ---------------------------------------------------------------------------------
 (1) _SystemSleep                                          0     0      0       0
 ---------------------------------------------------------------------------------
 (1) _SysTickSetup                                         0     0      0       0
 ---------------------------------------------------------------------------------
 (1) _GpioSetup                                            0     0      0       0
 ---------------------------------------------------------------------------------
 (1) _ClockSetup                                           0     0      0       0
 ---------------------------------------------------------------------------------
 Estimated maximum stack depth 1
 ---------------------------------------------------------------------------------

 Call Graph Graphs:

 _main (ROOT)
   _ClockSetup
   _GpioSetup
   _SysTickSetup
   _SystemSleep
   _TimeXus
   _UserAppInitialize
   _UserAppRun

 Address spaces:
Name               Size   Autos  Total    Cost      Usage
BIGRAM            20FF      0       0      71        0.0%
EEDATA             400      0       0       0        0.0%
BITBANK37          100      0       0      70        0.0%
BANK37             100      0       0      68        0.0%
BITBANK36          100      0       0      66        0.0%
BANK36             100      0       0      67        0.0%
BITBANK35          100      0       0      64        0.0%
BANK35             100      0       0      65        0.0%
BITBANK34          100      0       0      62        0.0%
BANK34             100      0       0      63        0.0%
BITBANK33          100      0       0      60        0.0%
BANK33             100      0       0      61        0.0%
BITBANK32          100      0       0      58        0.0%
BANK32             100      0       0      59        0.0%
BITBANK31          100      0       0      56        0.0%
BANK31             100      0       0      57        0.0%
BITBANK30          100      0       0      54        0.0%
BANK30             100      0       0      55        0.0%
BITBANK29          100      0       0      52        0.0%
BANK29             100      0       0      53        0.0%
BITBANK28          100      0       0      50        0.0%
BANK28             100      0       0      51        0.0%
BITBANK27          100      0       0      48        0.0%
BANK27             100      0       0      49        0.0%
BITBANK26          100      0       0      46        0.0%
BANK26             100      0       0      47        0.0%
BITBANK25          100      0       0      44        0.0%
BANK25             100      0       0      45        0.0%
BITBANK24          100      0       0      42        0.0%
BANK24             100      0       0      43        0.0%
BITBANK23          100      0       0      40        0.0%
BANK23             100      0       0      41        0.0%
BITBANK22          100      0       0      38        0.0%
BANK22             100      0       0      39        0.0%
BITBANK21          100      0       0      36        0.0%
BANK21             100      0       0      37        0.0%
BITBANK20          100      0       0      34        0.0%
BANK20             100      0       0      35        0.0%
BITBANK19          100      0       0      32        0.0%
BANK19             100      0       0      33        0.0%
BITBANK18          100      0       0      30        0.0%
BANK18             100      0       0      31        0.0%
BITBANK17          100      0       0      28        0.0%
BANK17             100      0       0      29        0.0%
BITBANK16          100      0       0      26        0.0%
BANK16             100      0       0      27        0.0%
BITBANK15          100      0       0      24        0.0%
BANK15             100      0       0      25        0.0%
BITBANK14          100      0       0      22        0.0%
BANK14             100      0       0      23        0.0%
BITBANK13          100      0       0      20        0.0%
BANK13             100      0       0      21        0.0%
BITBANK12          100      0       0      18        0.0%
BANK12             100      0       0      19        0.0%
BITBANK11          100      0       0      16        0.0%
BANK11             100      0       0      17        0.0%
BITBANK10          100      0       0      14        0.0%
BANK10             100      0       0      15        0.0%
BITBANK9           100      0       0      12        0.0%
BANK9              100      0       0      13        0.0%
BITBANK8           100      0       0      10        0.0%
BANK8              100      0       0      11        0.0%
BITBANK7           100      0       0       8        0.0%
BANK7              100      0       0       9        0.0%
BITBANK6           100      0       0       6        0.0%
BANK6              100      0       0       7        0.0%
BITBANK5            A0      0       0       4        0.0%
BANK5               A0      0       0       5        0.0%
BITCOMRAM           5F      0       0       0        0.0%
COMRAM              5F      6      14       1       21.1%
BITSFR_5             0      0       0     200        0.0%
SFR_5                0      0       0     200        0.0%
BITSFR_4             0      0       0     200        0.0%
SFR_4                0      0       0     200        0.0%
BITSFR_3             0      0       0     200        0.0%
SFR_3                0      0       0     200        0.0%
BITSFR_2             0      0       0     200        0.0%
SFR_2                0      0       0     200        0.0%
BITSFR_1             0      0       0     200        0.0%
SFR_1                0      0       0     200        0.0%
BITSFR               0      0       0     200        0.0%
SFR                  0      0       0     200        0.0%
STACK                0      0       0       2        0.0%
NULL                 0      0       0       0        0.0%
ABS                  0      0      14      69        0.0%
DATA                 0      0      14       3        0.0%
CODE                 0      0       0       0        0.0%


Microchip Technology PIC18 Macro Assembler V2.31 build 20201012212115 
Symbol Table                                                                                   Tue Mar 23 00:04:20 2021

     __size_of_SysTickSetup 0022                          l21 FF3E                          l15 FEE6  
                        l24 FEE8                          l18 FF1C                          l52 FF94  
                        l74 FEF4                          l83 FFFA                          l86 FF6C  
                        l79 FFD2                          u10 FFBA                          u11 FFB6  
                        u20 FFCE                          u21 FFCA                          u30 FFE2  
                        u31 FFDE                          u40 FFF6                          u41 FFF2  
                        u60 FFA2                          u61 FF9E                         l820 FF4C  
                       l814 FF1E                         l830 FF66                         l822 FF50  
                       l824 FF54                         l816 FF40                         l840 FF7C  
                       l832 FF6E                         l762 FF08                         l826 FF5A  
                       l818 FF44                         l770 FFBA                         l842 FF80  
                       l834 FF70                         l828 FF60                         l780 FFF6  
                       l772 FFBE                         l844 FF84                         l836 FF74  
                       l766 FEEA                         l774 FFCE                         l846 FF88  
                       l838 FF78                         l776 FFE2                         l768 FFAA  
                       l778 FFE6                         wreg 0004E8                        _LATA 0004BE  
                      _PIR3 0004B1                        _main FF6E                _SysTickSetup FF1E  
                      start FFFC        __size_of_SystemSleep 0002                ___param_bank 000000  
                _ClockSetup FEE6             __end_of_TimeXus FF6E                       ?_main 050F  
                     _TMR0H 000319                       _TMR0L 000318                       _TRISA 0004C6  
                     status 0004D8             __initialization FEF6                __end_of_main FFAA  
        TimeXus@u8HighInput 0512                      ??_main 0515               __activetblptr 000000  
                    _ANSELA 000400                      _T0CON0 00031A                      _T0CON1 00031B  
        __size_of_GpioSetup 0016                   ??_TimeXus 0511                 ?_ClockSetup 050F  
                    clear_0 FEFC                  _UserAppRun FFAA                  __accesstop 0560  
   __end_of__initialization FF02               ___rparam_used 000001            _G_u8UserAppFlags 050E  
            __pcstackCOMRAM 050F      TimeXus@u16Microseconds 050F           __end_of_GpioSetup FF1E  
       __size_of_ClockSetup 0002                     _DAC1CON 00007F                 ?_UserAppRun 050F  
             ??_SystemSleep 050F                     __Hparam 0000                     __Lparam 0000  
                   _TimeXus FF40                     __pcinit FEF6                     __ramtop 2600  
                   __ptext0 FF6E                     __ptext1 FFAA                     __ptext2 FEEA  
                   __ptext3 FF40                     __ptext4 FEE8                     __ptext5 FF1E  
                   __ptext6 FF08                     __ptext7 FEE6        end_of_initialization FF02  
          _G_u32SystemFlags 0501                     postinc0 0004EE         __end_of_SystemSleep FEEA  
              ??_ClockSetup 050F         __size_of_UserAppRun 0052          __end_of_ClockSetup FEE8  
                 _GpioSetup FF08         start_initialization FEF6               ?_SysTickSetup 050F  
         TimeXus@u8LowInput 0511                 _SystemSleep FEE8                  ?_GpioSetup 050F  
               __pbssCOMRAM 0501           _UserAppInitialize FEEA                ??_UserAppRun 050F  
        ?_UserAppInitialize 050F              ??_SysTickSetup 050F         ??_UserAppInitialize 050F  
                  ?_TimeXus 050F          __end_of_UserAppRun FFFC                    _DAC1DATL 00007D  
 __end_of_UserAppInitialize FEF6                 ??_GpioSetup 050F                    __Hrparam 0000  
                  __Lrparam 0000            __size_of_TimeXus 002E        __end_of_SysTickSetup FF40  
__size_of_UserAppInitialize 000C               __size_of_main 003C                ?_SystemSleep 050F  
       UserAppRun@direction 050D          _G_u32SystemTime1ms 0509           _G_u32SystemTime1s 0505  
        TimeXus@u16OverFlow 0513  
